<?xml version="1.0" encoding="UTF-8"?>
<coverage generated="1789768363042" clover="3.2.0">
  <project timestamp="1789768363042" name="All files">
    <metrics statements="550" coveredstatements="392" conditionals="326" coveredconditionals="176" methods="53" coveredmethods="33" elements="929" coveredelements="601" complexity="0" loc="550" ncloc="550" packages="1" files="4" classes="4"/>
    <file name="background.src.js" path="/home/chuubi/Desktop/boromir-meme/trends_extension/src/background.src.js">
      <metrics statements="309" coveredstatements="185" conditionals="174" coveredconditionals="75" methods="27" coveredmethods="13"/>
      <line num="1" count="9" type="stmt"/>
      <line num="2" count="9" type="stmt"/>
      <line num="3" count="9" type="stmt"/>
      <line num="6" count="9" type="stmt"/>
      <line num="10" count="9" type="stmt"/>
      <line num="11" count="9" type="stmt"/>
      <line num="14" count="9" type="stmt"/>
      <line num="15" count="9" type="cond" truecount="1" falsecount="1"/>
      <line num="16" count="9" type="stmt"/>
      <line num="18" count="9" type="stmt"/>
      <line num="20" count="9" type="stmt"/>
      <line num="21" count="9" type="stmt"/>
      <line num="22" count="9" type="stmt"/>
      <line num="23" count="9" type="stmt"/>
      <line num="25" count="9" type="stmt"/>
      <line num="28" count="0" type="stmt"/>
      <line num="29" count="0" type="stmt"/>
      <line num="30" count="0" type="stmt"/>
      <line num="31" count="0" type="stmt"/>
      <line num="32" count="0" type="stmt"/>
      <line num="33" count="0" type="stmt"/>
      <line num="34" count="0" type="stmt"/>
      <line num="36" count="0" type="stmt"/>
      <line num="37" count="0" type="stmt"/>
      <line num="38" count="0" type="stmt"/>
      <line num="39" count="0" type="stmt"/>
      <line num="43" count="0" type="cond" truecount="0" falsecount="2"/>
      <line num="44" count="0" type="stmt"/>
      <line num="45" count="0" type="stmt"/>
      <line num="46" count="0" type="stmt"/>
      <line num="47" count="0" type="stmt"/>
      <line num="50" count="9" type="stmt"/>
      <line num="53" count="14" type="stmt"/>
      <line num="54" count="14" type="cond" truecount="2" falsecount="3"/>
      <line num="55" count="0" type="stmt"/>
      <line num="56" count="0" type="stmt"/>
      <line num="57" count="0" type="stmt"/>
      <line num="60" count="14" type="stmt"/>
      <line num="61" count="14" type="cond" truecount="1" falsecount="1"/>
      <line num="62" count="0" type="stmt"/>
      <line num="65" count="14" type="stmt"/>
      <line num="66" count="14" type="cond" truecount="2" falsecount="0"/>
      <line num="67" count="5" type="stmt"/>
      <line num="68" count="5" type="stmt"/>
      <line num="69" count="5" type="stmt"/>
      <line num="70" count="5" type="cond" truecount="2" falsecount="2"/>
      <line num="71" count="5" type="cond" truecount="1" falsecount="1"/>
      <line num="72" count="0" type="cond" truecount="0" falsecount="2"/>
      <line num="73" count="0" type="cond" truecount="0" falsecount="2"/>
      <line num="74" count="0" type="stmt"/>
      <line num="77" count="5" type="stmt"/>
      <line num="78" count="5" type="stmt"/>
      <line num="80" count="0" type="stmt"/>
      <line num="83" count="9" type="stmt"/>
      <line num="86" count="14" type="cond" truecount="2" falsecount="0"/>
      <line num="87" count="14" type="stmt"/>
      <line num="88" count="14" type="stmt"/>
      <line num="89" count="14" type="stmt"/>
      <line num="90" count="14" type="stmt"/>
      <line num="91" count="14" type="stmt"/>
      <line num="93" count="14" type="cond" truecount="2" falsecount="0"/>
      <line num="94" count="4" type="stmt"/>
      <line num="95" count="4" type="stmt"/>
      <line num="96" count="4" type="stmt"/>
      <line num="98" count="10" type="stmt"/>
      <line num="99" count="10" type="stmt"/>
      <line num="101" count="14" type="stmt"/>
      <line num="105" count="0" type="stmt"/>
      <line num="106" count="0" type="stmt"/>
      <line num="108" count="0" type="stmt"/>
      <line num="109" count="0" type="cond" truecount="0" falsecount="2"/>
      <line num="110" count="0" type="cond" truecount="0" falsecount="2"/>
      <line num="111" count="0" type="stmt"/>
      <line num="113" count="0" type="stmt"/>
      <line num="114" count="0" type="cond" truecount="0" falsecount="2"/>
      <line num="115" count="0" type="stmt"/>
      <line num="118" count="0" type="stmt"/>
      <line num="120" count="0" type="stmt"/>
      <line num="121" count="0" type="stmt"/>
      <line num="122" count="0" type="stmt"/>
      <line num="125" count="9" type="stmt"/>
      <line num="126" count="9" type="stmt"/>
      <line num="127" count="9" type="stmt"/>
      <line num="128" count="9" type="stmt"/>
      <line num="129" count="9" type="stmt"/>
      <line num="130" count="9" type="stmt"/>
      <line num="131" count="9" type="stmt"/>
      <line num="132" count="9" type="stmt"/>
      <line num="135" count="4" type="stmt"/>
      <line num="136" count="4" type="cond" truecount="1" falsecount="1"/>
      <line num="137" count="4" type="cond" truecount="0" falsecount="4"/>
      <line num="138" count="4" type="stmt"/>
      <line num="142" count="4" type="cond" truecount="3" falsecount="1"/>
      <line num="144" count="4" type="stmt"/>
      <line num="145" count="4" type="cond" truecount="1" falsecount="1"/>
      <line num="146" count="4" type="cond" truecount="1" falsecount="1"/>
      <line num="148" count="4" type="stmt"/>
      <line num="149" count="4" type="stmt"/>
      <line num="151" count="4" type="cond" truecount="1" falsecount="1"/>
      <line num="152" count="0" type="stmt"/>
      <line num="153" count="0" type="stmt"/>
      <line num="154" count="4" type="cond" truecount="1" falsecount="1"/>
      <line num="155" count="0" type="stmt"/>
      <line num="156" count="0" type="stmt"/>
      <line num="159" count="4" type="cond" truecount="1" falsecount="1"/>
      <line num="160" count="0" type="stmt"/>
      <line num="161" count="0" type="stmt"/>
      <line num="162" count="0" type="stmt"/>
      <line num="163" count="0" type="stmt"/>
      <line num="164" count="0" type="stmt"/>
      <line num="165" count="0" type="stmt"/>
      <line num="168" count="4" type="stmt"/>
      <line num="169" count="4" type="stmt"/>
      <line num="170" count="4" type="stmt"/>
      <line num="171" count="4" type="stmt"/>
      <line num="172" count="4" type="stmt"/>
      <line num="173" count="4" type="stmt"/>
      <line num="174" count="4" type="stmt"/>
      <line num="176" count="0" type="stmt"/>
      <line num="177" count="0" type="stmt"/>
      <line num="182" count="4" type="cond" truecount="1" falsecount="1"/>
      <line num="183" count="0" type="stmt"/>
      <line num="184" count="0" type="stmt"/>
      <line num="186" count="4" type="cond" truecount="1" falsecount="1"/>
      <line num="187" count="0" type="stmt"/>
      <line num="188" count="0" type="stmt"/>
      <line num="193" count="0" type="cond" truecount="0" falsecount="2"/>
      <line num="194" count="0" type="stmt"/>
      <line num="195" count="0" type="stmt"/>
      <line num="196" count="0" type="stmt"/>
      <line num="197" count="0" type="stmt"/>
      <line num="202" count="1" type="stmt"/>
      <line num="203" count="0" type="stmt"/>
      <line num="207" count="4" type="stmt"/>
      <line num="208" count="4" type="cond" truecount="3" falsecount="1"/>
      <line num="209" count="0" type="stmt"/>
      <line num="210" count="0" type="stmt"/>
      <line num="211" count="0" type="stmt"/>
      <line num="212" count="0" type="stmt"/>
      <line num="213" count="0" type="stmt"/>
      <line num="214" count="0" type="stmt"/>
      <line num="216" count="0" type="stmt"/>
      <line num="219" count="4" type="stmt"/>
      <line num="221" count="4" type="stmt"/>
      <line num="222" count="4" type="cond" truecount="1" falsecount="1"/>
      <line num="223" count="4" type="stmt"/>
      <line num="224" count="4" type="stmt"/>
      <line num="225" count="4" type="stmt"/>
      <line num="227" count="0" type="stmt"/>
      <line num="233" count="9" type="stmt"/>
      <line num="234" count="0" type="cond" truecount="0" falsecount="2"/>
      <line num="235" count="0" type="stmt"/>
      <line num="236" count="0" type="cond" truecount="0" falsecount="5"/>
      <line num="237" count="0" type="cond" truecount="0" falsecount="2"/>
      <line num="238" count="0" type="stmt"/>
      <line num="239" count="0" type="stmt"/>
      <line num="240" count="0" type="stmt"/>
      <line num="245" count="9" type="stmt"/>
      <line num="246" count="0" type="cond" truecount="0" falsecount="4"/>
      <line num="247" count="0" type="stmt"/>
      <line num="248" count="0" type="stmt"/>
      <line num="254" count="9" type="stmt"/>
      <line num="255" count="9" type="stmt"/>
      <line num="257" count="9" type="stmt"/>
      <line num="264" count="9" type="stmt"/>
      <line num="265" count="9" type="stmt"/>
      <line num="266" count="9" type="stmt"/>
      <line num="267" count="9" type="stmt"/>
      <line num="268" count="9" type="stmt"/>
      <line num="270" count="9" type="stmt"/>
      <line num="271" count="9" type="stmt"/>
      <line num="273" count="9" type="cond" truecount="3" falsecount="1"/>
      <line num="274" count="0" type="stmt"/>
      <line num="275" count="0" type="cond" truecount="0" falsecount="5"/>
      <line num="276" count="0" type="stmt"/>
      <line num="277" count="0" type="stmt"/>
      <line num="284" count="9" type="stmt"/>
      <line num="290" count="9" type="stmt"/>
      <line num="291" count="9" type="stmt"/>
      <line num="292" count="9" type="stmt"/>
      <line num="293" count="9" type="stmt"/>
      <line num="295" count="9" type="stmt"/>
      <line num="297" count="0" type="stmt"/>
      <line num="300" count="9" type="stmt"/>
      <line num="304" count="9" type="stmt"/>
      <line num="305" count="9" type="stmt"/>
      <line num="306" count="9" type="stmt"/>
      <line num="308" count="9" type="stmt"/>
      <line num="310" count="2" type="cond" truecount="4" falsecount="1"/>
      <line num="313" count="2" type="stmt"/>
      <line num="314" count="2" type="stmt"/>
      <line num="315" count="2" type="stmt"/>
      <line num="316" count="2" type="stmt"/>
      <line num="318" count="2" type="stmt"/>
      <line num="319" count="6" type="stmt"/>
      <line num="320" count="6" type="cond" truecount="2" falsecount="0"/>
      <line num="321" count="6" type="cond" truecount="2" falsecount="0"/>
      <line num="322" count="6" type="cond" truecount="2" falsecount="0"/>
      <line num="323" count="6" type="cond" truecount="1" falsecount="1"/>
      <line num="324" count="0" type="stmt"/>
      <line num="325" count="0" type="cond" truecount="0" falsecount="2"/>
      <line num="329" count="2" type="stmt"/>
      <line num="330" count="2" type="cond" truecount="3" falsecount="1"/>
      <line num="331" count="2" type="stmt"/>
      <line num="332" count="2" type="stmt"/>
      <line num="334" count="0" type="stmt"/>
      <line num="335" count="0" type="stmt"/>
      <line num="338" count="2" type="stmt"/>
      <line num="349" count="9" type="stmt"/>
      <line num="351" count="1" type="cond" truecount="4" falsecount="1"/>
      <line num="354" count="1" type="stmt"/>
      <line num="355" count="1" type="stmt"/>
      <line num="356" count="1" type="stmt"/>
      <line num="358" count="1" type="stmt"/>
      <line num="359" count="1" type="stmt"/>
      <line num="360" count="1" type="stmt"/>
      <line num="363" count="1" type="stmt"/>
      <line num="364" count="1" type="stmt"/>
      <line num="365" count="1" type="stmt"/>
      <line num="367" count="1" type="stmt"/>
      <line num="368" count="1" type="cond" truecount="2" falsecount="3"/>
      <line num="371" count="1" type="stmt"/>
      <line num="372" count="1" type="stmt"/>
      <line num="374" count="1" type="stmt"/>
      <line num="375" count="1" type="cond" truecount="2" falsecount="0"/>
      <line num="376" count="1" type="cond" truecount="1" falsecount="1"/>
      <line num="377" count="1" type="stmt"/>
      <line num="378" count="1" type="stmt"/>
      <line num="379" count="0" type="cond" truecount="0" falsecount="2"/>
      <line num="382" count="0" type="stmt"/>
      <line num="390" count="0" type="stmt"/>
      <line num="391" count="0" type="cond" truecount="0" falsecount="2"/>
      <line num="392" count="0" type="stmt"/>
      <line num="393" count="0" type="stmt"/>
      <line num="395" count="0" type="stmt"/>
      <line num="396" count="0" type="stmt"/>
      <line num="398" count="0" type="cond" truecount="0" falsecount="2"/>
      <line num="400" count="0" type="stmt"/>
      <line num="404" count="0" type="stmt"/>
      <line num="411" count="0" type="stmt"/>
      <line num="412" count="0" type="stmt"/>
      <line num="414" count="0" type="cond" truecount="0" falsecount="2"/>
      <line num="415" count="0" type="cond" truecount="0" falsecount="2"/>
      <line num="416" count="0" type="stmt"/>
      <line num="418" count="0" type="stmt"/>
      <line num="419" count="0" type="stmt"/>
      <line num="420" count="0" type="stmt"/>
      <line num="421" count="0" type="stmt"/>
      <line num="424" count="0" type="stmt"/>
      <line num="428" count="1" type="stmt"/>
      <line num="437" count="9" type="stmt"/>
      <line num="438" count="9" type="cond" truecount="2" falsecount="0"/>
      <line num="439" count="1" type="stmt"/>
      <line num="440" count="8" type="cond" truecount="2" falsecount="0"/>
      <line num="441" count="4" type="stmt"/>
      <line num="442" count="4" type="stmt"/>
      <line num="443" count="4" type="cond" truecount="1" falsecount="1"/>
      <line num="444" count="4" type="stmt"/>
      <line num="446" count="0" type="stmt"/>
      <line num="448" count="4" type="stmt"/>
      <line num="449" count="4" type="cond" truecount="2" falsecount="0"/>
      <line num="450" count="1" type="cond" truecount="1" falsecount="1"/>
      <line num="451" count="0" type="stmt"/>
      <line num="452" count="0" type="stmt"/>
      <line num="455" count="1" type="stmt"/>
      <line num="457" count="1" type="stmt"/>
      <line num="459" count="3" type="cond" truecount="1" falsecount="1"/>
      <line num="460" count="0" type="stmt"/>
      <line num="462" count="3" type="cond" truecount="2" falsecount="0"/>
      <line num="463" count="1" type="cond" truecount="1" falsecount="1"/>
      <line num="464" count="1" type="stmt"/>
      <line num="465" count="1" type="cond" truecount="2" falsecount="0"/>
      <line num="466" count="1" type="stmt"/>
      <line num="467" count="1" type="stmt"/>
      <line num="468" count="1" type="stmt"/>
      <line num="469" count="1" type="cond" truecount="2" falsecount="2"/>
      <line num="470" count="1" type="stmt"/>
      <line num="471" count="1" type="cond" truecount="1" falsecount="1"/>
      <line num="472" count="0" type="cond" truecount="0" falsecount="2"/>
      <line num="473" count="0" type="cond" truecount="0" falsecount="2"/>
      <line num="475" count="0" type="stmt"/>
      <line num="476" count="0" type="cond" truecount="0" falsecount="2"/>
      <line num="480" count="1" type="cond" truecount="1" falsecount="1"/>
      <line num="481" count="1" type="stmt"/>
      <line num="484" count="0" type="stmt"/>
      <line num="485" count="0" type="cond" truecount="0" falsecount="2"/>
      <line num="487" count="0" type="cond" truecount="0" falsecount="2"/>
      <line num="489" count="0" type="stmt"/>
      <line num="495" count="0" type="stmt"/>
      <line num="501" count="0" type="stmt"/>
      <line num="502" count="0" type="stmt"/>
      <line num="504" count="2" type="cond" truecount="2" falsecount="0"/>
      <line num="505" count="1" type="stmt"/>
      <line num="506" count="1" type="stmt"/>
      <line num="507" count="1" type="stmt"/>
      <line num="509" count="1" type="stmt"/>
      <line num="510" count="1" type="stmt"/>
      <line num="511" count="1" type="stmt"/>
      <line num="512" count="1" type="stmt"/>
      <line num="514" count="1" type="stmt"/>
      <line num="520" count="0" type="stmt"/>
      <line num="522" count="1" type="cond" truecount="1" falsecount="1"/>
      <line num="523" count="1" type="stmt"/>
      <line num="524" count="1" type="stmt"/>
      <line num="525" count="1" type="stmt"/>
      <line num="526" count="1" type="stmt"/>
      <line num="527" count="1" type="stmt"/>
      <line num="528" count="1" type="stmt"/>
      <line num="530" count="0" type="stmt"/>
    </file>
    <file name="math_deltas.js" path="/home/chuubi/Desktop/boromir-meme/trends_extension/src/math_deltas.js">
      <metrics statements="40" coveredstatements="40" conditionals="59" coveredconditionals="46" methods="3" coveredmethods="3"/>
      <line num="2" count="4" type="cond" truecount="2" falsecount="3"/>
      <line num="3" count="4" type="stmt"/>
      <line num="4" count="4" type="cond" truecount="2" falsecount="0"/>
      <line num="5" count="4" type="cond" truecount="4" falsecount="0"/>
      <line num="7" count="4" type="stmt"/>
      <line num="8" count="4" type="stmt"/>
      <line num="9" count="4" type="stmt"/>
      <line num="10" count="4" type="stmt"/>
      <line num="12" count="4" type="cond" truecount="4" falsecount="0"/>
      <line num="13" count="3" type="stmt"/>
      <line num="14" count="4" type="cond" truecount="2" falsecount="3"/>
      <line num="16" count="3" type="cond" truecount="1" falsecount="1"/>
      <line num="17" count="3" type="stmt"/>
      <line num="18" count="3" type="stmt"/>
      <line num="19" count="3" type="cond" truecount="2" falsecount="0"/>
      <line num="20" count="3" type="cond" truecount="4" falsecount="0"/>
      <line num="22" count="3" type="stmt"/>
      <line num="23" count="3" type="cond" truecount="2" falsecount="0"/>
      <line num="24" count="2" type="cond" truecount="2" falsecount="0"/>
      <line num="25" count="1" type="stmt"/>
      <line num="27" count="3" type="stmt"/>
      <line num="28" count="3" type="cond" truecount="2" falsecount="0"/>
      <line num="29" count="2" type="cond" truecount="2" falsecount="0"/>
      <line num="31" count="3" type="stmt"/>
      <line num="32" count="3" type="cond" truecount="2" falsecount="0"/>
      <line num="33" count="2" type="cond" truecount="2" falsecount="0"/>
      <line num="35" count="3" type="cond" truecount="4" falsecount="0"/>
      <line num="36" count="1" type="stmt"/>
      <line num="37" count="1" type="stmt"/>
      <line num="38" count="2" type="stmt"/>
      <line num="39" count="3" type="cond" truecount="2" falsecount="3"/>
      <line num="40" count="2" type="cond" truecount="2" falsecount="0"/>
      <line num="41" count="1" type="stmt"/>
      <line num="43" count="1" type="cond" truecount="1" falsecount="1"/>
      <line num="44" count="1" type="stmt"/>
      <line num="45" count="1" type="cond" truecount="1" falsecount="1"/>
      <line num="46" count="1" type="stmt"/>
      <line num="52" count="4" type="stmt"/>
      <line num="55" count="1" type="cond" truecount="3" falsecount="1"/>
      <line num="56" count="1" type="stmt"/>
    </file>
    <file name="popup.js" path="/home/chuubi/Desktop/boromir-meme/trends_extension/src/popup.js">
      <metrics statements="195" coveredstatements="161" conditionals="93" coveredconditionals="55" methods="23" coveredmethods="17"/>
      <line num="3" count="4" type="cond" truecount="1" falsecount="1"/>
      <line num="4" count="4" type="stmt"/>
      <line num="13" count="8" type="stmt"/>
      <line num="14" count="36" type="stmt"/>
      <line num="16" count="38" type="stmt"/>
      <line num="17" count="38" type="stmt"/>
      <line num="18" count="114" type="cond" truecount="2" falsecount="0"/>
      <line num="19" count="76" type="stmt"/>
      <line num="21" count="38" type="stmt"/>
      <line num="23" count="108" type="stmt"/>
      <line num="24" count="36" type="stmt"/>
      <line num="25" count="36" type="cond" truecount="1" falsecount="1"/>
      <line num="28" count="36" type="stmt"/>
      <line num="31" count="36" type="stmt"/>
      <line num="32" count="36" type="cond" truecount="1" falsecount="1"/>
      <line num="33" count="36" type="stmt"/>
      <line num="34" count="36" type="cond" truecount="1" falsecount="1"/>
      <line num="38" count="36" type="stmt"/>
      <line num="39" count="3" type="stmt"/>
      <line num="40" count="3" type="cond" truecount="1" falsecount="1"/>
      <line num="41" count="3" type="stmt"/>
      <line num="48" count="8" type="stmt"/>
      <line num="49" count="8" type="stmt"/>
      <line num="51" count="8" type="stmt"/>
      <line num="52" count="8" type="stmt"/>
      <line num="53" count="8" type="stmt"/>
      <line num="54" count="8" type="stmt"/>
      <line num="55" count="8" type="stmt"/>
      <line num="57" count="8" type="stmt"/>
      <line num="58" count="0" type="cond" truecount="0" falsecount="2"/>
      <line num="59" count="0" type="stmt"/>
      <line num="61" count="0" type="stmt"/>
      <line num="65" count="8" type="stmt"/>
      <line num="66" count="0" type="stmt"/>
      <line num="67" count="0" type="stmt"/>
      <line num="68" count="0" type="stmt"/>
      <line num="71" count="0" type="stmt"/>
      <line num="72" count="0" type="stmt"/>
      <line num="75" count="0" type="stmt"/>
      <line num="77" count="0" type="stmt"/>
      <line num="79" count="0" type="cond" truecount="0" falsecount="2"/>
      <line num="80" count="0" type="stmt"/>
      <line num="84" count="0" type="stmt"/>
      <line num="89" count="6" type="stmt"/>
      <line num="90" count="6" type="stmt"/>
      <line num="94" count="11" type="cond" truecount="2" falsecount="0"/>
      <line num="95" count="8" type="stmt"/>
      <line num="99" count="11" type="stmt"/>
      <line num="100" count="11" type="cond" truecount="3" falsecount="1"/>
      <line num="101" count="0" type="stmt"/>
      <line num="102" count="0" type="stmt"/>
      <line num="104" count="11" type="stmt"/>
      <line num="105" count="11" type="cond" truecount="2" falsecount="0"/>
      <line num="106" count="5" type="stmt"/>
      <line num="107" count="5" type="stmt"/>
      <line num="108" count="5" type="stmt"/>
      <line num="109" count="5" type="stmt"/>
      <line num="110" count="5" type="stmt"/>
      <line num="113" count="6" type="stmt"/>
      <line num="114" count="6" type="stmt"/>
      <line num="119" count="6" type="stmt"/>
      <line num="120" count="6" type="stmt"/>
      <line num="122" count="6" type="stmt"/>
      <line num="123" count="6" type="stmt"/>
      <line num="126" count="6" type="stmt"/>
      <line num="128" count="6" type="cond" truecount="1" falsecount="1"/>
      <line num="129" count="0" type="stmt"/>
      <line num="131" count="6" type="stmt"/>
      <line num="132" count="6" type="cond" truecount="1" falsecount="1"/>
      <line num="133" count="6" type="stmt"/>
      <line num="134" count="0" type="stmt"/>
      <line num="135" count="0" type="stmt"/>
      <line num="139" count="6" type="stmt"/>
      <line num="140" count="2" type="cond" truecount="2" falsecount="3"/>
      <line num="141" count="2" type="cond" truecount="2" falsecount="0"/>
      <line num="142" count="2" type="cond" truecount="2" falsecount="0"/>
      <line num="144" count="2" type="stmt"/>
      <line num="145" count="2" type="cond" truecount="2" falsecount="0"/>
      <line num="146" count="2" type="cond" truecount="2" falsecount="2"/>
      <line num="148" count="2" type="stmt"/>
      <line num="149" count="2" type="stmt"/>
      <line num="151" count="2" type="cond" truecount="1" falsecount="1"/>
      <line num="152" count="2" type="cond" truecount="3" falsecount="1"/>
      <line num="153" count="2" type="stmt"/>
      <line num="156" count="2" type="stmt"/>
      <line num="157" count="2" type="stmt"/>
      <line num="158" count="2" type="stmt"/>
      <line num="159" count="2" type="stmt"/>
      <line num="160" count="2" type="stmt"/>
      <line num="161" count="2" type="stmt"/>
      <line num="162" count="2" type="stmt"/>
      <line num="163" count="2" type="stmt"/>
      <line num="164" count="2" type="stmt"/>
      <line num="166" count="2" type="stmt"/>
      <line num="167" count="2" type="stmt"/>
      <line num="168" count="2" type="stmt"/>
      <line num="169" count="2" type="stmt"/>
      <line num="170" count="2" type="stmt"/>
      <line num="175" count="2" type="stmt"/>
      <line num="177" count="2" type="stmt"/>
      <line num="178" count="2" type="stmt"/>
      <line num="179" count="2" type="stmt"/>
      <line num="180" count="2" type="stmt"/>
      <line num="181" count="2" type="stmt"/>
      <line num="183" count="2" type="stmt"/>
      <line num="184" count="2" type="stmt"/>
      <line num="185" count="2" type="stmt"/>
      <line num="186" count="2" type="stmt"/>
      <line num="187" count="2" type="stmt"/>
      <line num="188" count="2" type="stmt"/>
      <line num="189" count="2" type="stmt"/>
      <line num="190" count="2" type="stmt"/>
      <line num="191" count="2" type="stmt"/>
      <line num="192" count="2" type="stmt"/>
      <line num="194" count="2" type="cond" truecount="1" falsecount="1"/>
      <line num="195" count="2" type="stmt"/>
      <line num="196" count="2" type="stmt"/>
      <line num="197" count="2" type="stmt"/>
      <line num="198" count="2" type="stmt"/>
      <line num="199" count="2" type="stmt"/>
      <line num="200" count="2" type="stmt"/>
      <line num="201" count="2" type="stmt"/>
      <line num="202" count="2" type="stmt"/>
      <line num="203" count="2" type="stmt"/>
      <line num="204" count="2" type="stmt"/>
      <line num="205" count="1" type="stmt"/>
      <line num="207" count="2" type="stmt"/>
      <line num="210" count="2" type="stmt"/>
      <line num="211" count="2" type="stmt"/>
      <line num="215" count="6" type="stmt"/>
      <line num="216" count="6" type="stmt"/>
      <line num="218" count="6" type="cond" truecount="2" falsecount="0"/>
      <line num="219" count="3" type="stmt"/>
      <line num="220" count="3" type="stmt"/>
      <line num="221" count="3" type="stmt"/>
      <line num="222" count="3" type="stmt"/>
      <line num="225" count="0" type="stmt"/>
      <line num="229" count="8" type="stmt"/>
      <line num="230" count="1" type="cond" truecount="3" falsecount="1"/>
      <line num="231" count="1" type="stmt"/>
      <line num="233" count="8" type="stmt"/>
      <line num="234" count="1" type="cond" truecount="3" falsecount="1"/>
      <line num="235" count="1" type="stmt"/>
      <line num="238" count="8" type="stmt"/>
      <line num="241" count="8" type="stmt"/>
      <line num="242" count="8" type="stmt"/>
      <line num="243" count="8" type="stmt"/>
      <line num="246" count="9" type="stmt"/>
      <line num="247" count="9" type="cond" truecount="1" falsecount="1"/>
      <line num="249" count="9" type="cond" truecount="2" falsecount="0"/>
      <line num="250" count="8" type="stmt"/>
      <line num="251" count="8" type="stmt"/>
      <line num="253" count="1" type="cond" truecount="3" falsecount="1"/>
      <line num="254" count="1" type="stmt"/>
      <line num="255" count="1" type="cond" truecount="1" falsecount="1"/>
      <line num="256" count="1" type="stmt"/>
      <line num="257" count="1" type="cond" truecount="1" falsecount="1"/>
      <line num="258" count="1" type="stmt"/>
      <line num="259" count="1" type="stmt"/>
      <line num="260" count="1" type="cond" truecount="1" falsecount="1"/>
      <line num="261" count="1" type="stmt"/>
      <line num="262" count="1" type="cond" truecount="1" falsecount="1"/>
      <line num="263" count="0" type="stmt"/>
      <line num="267" count="0" type="stmt"/>
      <line num="270" count="1" type="stmt"/>
      <line num="272" count="0" type="stmt"/>
      <line num="276" count="8" type="stmt"/>
      <line num="277" count="8" type="cond" truecount="1" falsecount="1"/>
      <line num="278" count="8" type="stmt"/>
      <line num="279" count="8" type="stmt"/>
      <line num="280" count="8" type="stmt"/>
      <line num="281" count="8" type="stmt"/>
      <line num="285" count="8" type="stmt"/>
      <line num="286" count="0" type="cond" truecount="0" falsecount="5"/>
      <line num="287" count="0" type="stmt"/>
      <line num="291" count="8" type="stmt"/>
      <line num="293" count="2" type="cond" truecount="2" falsecount="0"/>
      <line num="294" count="1" type="stmt"/>
      <line num="295" count="1" type="stmt"/>
      <line num="296" count="1" type="stmt"/>
      <line num="297" count="1" type="stmt"/>
      <line num="299" count="2" type="cond" truecount="2" falsecount="0"/>
      <line num="300" count="1" type="cond" truecount="1" falsecount="1"/>
      <line num="301" count="1" type="stmt"/>
      <line num="302" count="1" type="stmt"/>
      <line num="304" count="0" type="stmt"/>
      <line num="305" count="0" type="stmt"/>
      <line num="308" count="0" type="stmt"/>
      <line num="309" count="0" type="cond" truecount="0" falsecount="2"/>
      <line num="310" count="0" type="stmt"/>
      <line num="312" count="0" type="stmt"/>
      <line num="319" count="0" type="stmt"/>
      <line num="320" count="0" type="stmt"/>
      <line num="321" count="0" type="stmt"/>
      <line num="322" count="0" type="stmt"/>
    </file>
    <file name="schemas.js" path="/home/chuubi/Desktop/boromir-meme/trends_extension/src/schemas.js">
      <metrics statements="6" coveredstatements="6" conditionals="0" coveredconditionals="0" methods="0" coveredmethods="0"/>
      <line num="1" count="10" type="stmt"/>
      <line num="3" count="10" type="stmt"/>
      <line num="10" count="10" type="stmt"/>
      <line num="20" count="10" type="stmt"/>
      <line num="22" count="10" type="stmt"/>
      <line num="30" count="10" type="stmt"/>
    </file>
  </project>
</coverage>
