{"/home/chuubi/Desktop/boromir-meme/trends_extension/src/background.src.js": {"path":"/home/chuubi/Desktop/boromir-meme/trends_extension/src/background.src.js","statementMap":{"0":{"start":{"line":1,"column":0},"end":{"line":1,"column":50}},"1":{"start":{"line":2,"column":15},"end":{"line":2,"column":45}},"2":{"start":{"line":3,"column":14},"end":{"line":3,"column":28}},"3":{"start":{"line":6,"column":50},"end":{"line":6,"column":73}},"4":{"start":{"line":10,"column":15},"end":{"line":10,"column":20}},"5":{"start":{"line":11,"column":17},"end":{"line":11,"column":18}},"6":{"start":{"line":14,"column":0},"end":{"line":17,"column":3}},"7":{"start":{"line":15,"column":4},"end":{"line":15,"column":37}},"8":{"start":{"line":16,"column":4},"end":{"line":16,"column":17}},"9":{"start":{"line":18,"column":0},"end":{"line":18,"column":41}},"10":{"start":{"line":20,"column":24},"end":{"line":20,"column":25}},"11":{"start":{"line":21,"column":23},"end":{"line":21,"column":33}},"12":{"start":{"line":22,"column":21},"end":{"line":22,"column":25}},"13":{"start":{"line":23,"column":20},"end":{"line":23,"column":24}},"14":{"start":{"line":25,"column":19},"end":{"line":25,"column":24}},"15":{"start":{"line":28,"column":21},"end":{"line":28,"column":22}},"16":{"start":{"line":29,"column":4},"end":{"line":41,"column":17}},"17":{"start":{"line":30,"column":25},"end":{"line":30,"column":63}},"18":{"start":{"line":31,"column":8},"end":{"line":35,"column":21}},"19":{"start":{"line":32,"column":27},"end":{"line":32,"column":76}},"20":{"start":{"line":33,"column":25},"end":{"line":33,"column":47}},"21":{"start":{"line":34,"column":12},"end":{"line":34,"column":36}},"22":{"start":{"line":36,"column":8},"end":{"line":40,"column":21}},"23":{"start":{"line":37,"column":30},"end":{"line":37,"column":83}},"24":{"start":{"line":38,"column":28},"end":{"line":38,"column":53}},"25":{"start":{"line":39,"column":12},"end":{"line":39,"column":39}},"26":{"start":{"line":43,"column":4},"end":{"line":43,"column":39}},"27":{"start":{"line":43,"column":26},"end":{"line":43,"column":39}},"28":{"start":{"line":44,"column":14},"end":{"line":44,"column":18}},"29":{"start":{"line":45,"column":18},"end":{"line":45,"column":41}},"30":{"start":{"line":46,"column":14},"end":{"line":46,"column":60}},"31":{"start":{"line":47,"column":4},"end":{"line":47,"column":81}},"32":{"start":{"line":50,"column":27},"end":{"line":50,"column":31}},"33":{"start":{"line":53,"column":17},"end":{"line":53,"column":20}},"34":{"start":{"line":54,"column":4},"end":{"line":58,"column":5}},"35":{"start":{"line":55,"column":21},"end":{"line":55,"column":53}},"36":{"start":{"line":56,"column":21},"end":{"line":56,"column":68}},"37":{"start":{"line":57,"column":8},"end":{"line":57,"column":30}},"38":{"start":{"line":60,"column":24},"end":{"line":60,"column":27}},"39":{"start":{"line":61,"column":4},"end":{"line":63,"column":5}},"40":{"start":{"line":62,"column":8},"end":{"line":62,"column":70}},"41":{"start":{"line":65,"column":18},"end":{"line":65,"column":30}},"42":{"start":{"line":66,"column":4},"end":{"line":84,"column":5}},"43":{"start":{"line":67,"column":8},"end":{"line":81,"column":9}},"44":{"start":{"line":68,"column":29},"end":{"line":68,"column":81}},"45":{"start":{"line":69,"column":27},"end":{"line":69,"column":48}},"46":{"start":{"line":70,"column":12},"end":{"line":70,"column":74}},"47":{"start":{"line":70,"column":45},"end":{"line":70,"column":74}},"48":{"start":{"line":71,"column":12},"end":{"line":75,"column":13}},"49":{"start":{"line":72,"column":16},"end":{"line":74,"column":66}},"50":{"start":{"line":72,"column":46},"end":{"line":72,"column":75}},"51":{"start":{"line":73,"column":21},"end":{"line":74,"column":66}},"52":{"start":{"line":73,"column":55},"end":{"line":73,"column":88}},"53":{"start":{"line":74,"column":21},"end":{"line":74,"column":66}},"54":{"start":{"line":77,"column":12},"end":{"line":77,"column":33}},"55":{"start":{"line":78,"column":12},"end":{"line":78,"column":54}},"56":{"start":{"line":80,"column":12},"end":{"line":80,"column":30}},"57":{"start":{"line":83,"column":8},"end":{"line":83,"column":36}},"58":{"start":{"line":86,"column":19},"end":{"line":86,"column":74}},"59":{"start":{"line":87,"column":4},"end":{"line":87,"column":57}},"60":{"start":{"line":88,"column":4},"end":{"line":88,"column":46}},"61":{"start":{"line":89,"column":4},"end":{"line":89,"column":51}},"62":{"start":{"line":90,"column":4},"end":{"line":90,"column":49}},"63":{"start":{"line":91,"column":4},"end":{"line":91,"column":48}},"64":{"start":{"line":93,"column":4},"end":{"line":100,"column":5}},"65":{"start":{"line":94,"column":8},"end":{"line":94,"column":71}},"66":{"start":{"line":95,"column":8},"end":{"line":95,"column":83}},"67":{"start":{"line":96,"column":8},"end":{"line":96,"column":76}},"68":{"start":{"line":98,"column":8},"end":{"line":98,"column":72}},"69":{"start":{"line":99,"column":8},"end":{"line":99,"column":57}},"70":{"start":{"line":101,"column":4},"end":{"line":101,"column":56}},"71":{"start":{"line":105,"column":4},"end":{"line":105,"column":17}},"72":{"start":{"line":106,"column":4},"end":{"line":106,"column":24}},"73":{"start":{"line":108,"column":14},"end":{"line":108,"column":24}},"74":{"start":{"line":109,"column":4},"end":{"line":109,"column":46}},"75":{"start":{"line":109,"column":25},"end":{"line":109,"column":46}},"76":{"start":{"line":110,"column":4},"end":{"line":117,"column":5}},"77":{"start":{"line":111,"column":8},"end":{"line":111,"column":51}},"78":{"start":{"line":113,"column":19},"end":{"line":113,"column":41}},"79":{"start":{"line":114,"column":8},"end":{"line":116,"column":9}},"80":{"start":{"line":115,"column":12},"end":{"line":115,"column":40}},"81":{"start":{"line":118,"column":4},"end":{"line":118,"column":24}},"82":{"start":{"line":120,"column":4},"end":{"line":120,"column":64}},"83":{"start":{"line":121,"column":4},"end":{"line":121,"column":46}},"84":{"start":{"line":122,"column":4},"end":{"line":122,"column":17}},"85":{"start":{"line":125,"column":22},"end":{"line":125,"column":26}},"86":{"start":{"line":126,"column":24},"end":{"line":126,"column":28}},"87":{"start":{"line":127,"column":22},"end":{"line":127,"column":26}},"88":{"start":{"line":128,"column":24},"end":{"line":128,"column":28}},"89":{"start":{"line":129,"column":28},"end":{"line":129,"column":29}},"90":{"start":{"line":130,"column":23},"end":{"line":130,"column":27}},"91":{"start":{"line":131,"column":18},"end":{"line":131,"column":23}},"92":{"start":{"line":132,"column":18},"end":{"line":132,"column":24}},"93":{"start":{"line":135,"column":17},"end":{"line":135,"column":68}},"94":{"start":{"line":136,"column":4},"end":{"line":136,"column":39}},"95":{"start":{"line":136,"column":27},"end":{"line":136,"column":39}},"96":{"start":{"line":137,"column":4},"end":{"line":137,"column":71}},"97":{"start":{"line":137,"column":24},"end":{"line":137,"column":69}},"98":{"start":{"line":138,"column":4},"end":{"line":138,"column":19}},"99":{"start":{"line":142,"column":4},"end":{"line":142,"column":46}},"100":{"start":{"line":142,"column":39},"end":{"line":142,"column":46}},"101":{"start":{"line":144,"column":4},"end":{"line":178,"column":5}},"102":{"start":{"line":145,"column":34},"end":{"line":145,"column":87}},"103":{"start":{"line":146,"column":37},"end":{"line":146,"column":98}},"104":{"start":{"line":148,"column":25},"end":{"line":148,"column":29}},"105":{"start":{"line":149,"column":24},"end":{"line":149,"column":25}},"106":{"start":{"line":151,"column":8},"end":{"line":157,"column":9}},"107":{"start":{"line":152,"column":12},"end":{"line":152,"column":41}},"108":{"start":{"line":153,"column":12},"end":{"line":153,"column":44}},"109":{"start":{"line":154,"column":15},"end":{"line":157,"column":9}},"110":{"start":{"line":155,"column":12},"end":{"line":155,"column":54}},"111":{"start":{"line":156,"column":12},"end":{"line":156,"column":47}},"112":{"start":{"line":159,"column":8},"end":{"line":166,"column":9}},"113":{"start":{"line":160,"column":28},"end":{"line":160,"column":95}},"114":{"start":{"line":161,"column":12},"end":{"line":161,"column":46}},"115":{"start":{"line":162,"column":12},"end":{"line":162,"column":47}},"116":{"start":{"line":163,"column":12},"end":{"line":163,"column":194}},"117":{"start":{"line":164,"column":12},"end":{"line":164,"column":69}},"118":{"start":{"line":165,"column":12},"end":{"line":165,"column":19}},"119":{"start":{"line":168,"column":8},"end":{"line":168,"column":80}},"120":{"start":{"line":169,"column":8},"end":{"line":169,"column":37}},"121":{"start":{"line":170,"column":34},"end":{"line":170,"column":101}},"122":{"start":{"line":171,"column":8},"end":{"line":171,"column":43}},"123":{"start":{"line":172,"column":19},"end":{"line":172,"column":43}},"124":{"start":{"line":173,"column":8},"end":{"line":173,"column":119}},"125":{"start":{"line":174,"column":8},"end":{"line":174,"column":65}},"126":{"start":{"line":176,"column":8},"end":{"line":176,"column":104}},"127":{"start":{"line":177,"column":8},"end":{"line":177,"column":22}},"128":{"start":{"line":182,"column":4},"end":{"line":185,"column":5}},"129":{"start":{"line":183,"column":8},"end":{"line":183,"column":39}},"130":{"start":{"line":184,"column":8},"end":{"line":184,"column":32}},"131":{"start":{"line":186,"column":4},"end":{"line":189,"column":5}},"132":{"start":{"line":187,"column":8},"end":{"line":187,"column":31}},"133":{"start":{"line":188,"column":8},"end":{"line":188,"column":72}},"134":{"start":{"line":193,"column":4},"end":{"line":198,"column":5}},"135":{"start":{"line":194,"column":8},"end":{"line":194,"column":25}},"136":{"start":{"line":195,"column":16},"end":{"line":195,"column":29}},"137":{"start":{"line":196,"column":8},"end":{"line":196,"column":28}},"138":{"start":{"line":197,"column":8},"end":{"line":197,"column":103}},"139":{"start":{"line":202,"column":16},"end":{"line":202,"column":82}},"140":{"start":{"line":203,"column":4},"end":{"line":203,"column":94}},"141":{"start":{"line":203,"column":52},"end":{"line":203,"column":83}},"142":{"start":{"line":207,"column":4},"end":{"line":207,"column":24}},"143":{"start":{"line":208,"column":4},"end":{"line":220,"column":5}},"144":{"start":{"line":209,"column":8},"end":{"line":217,"column":9}},"145":{"start":{"line":210,"column":24},"end":{"line":210,"column":58}},"146":{"start":{"line":211,"column":28},"end":{"line":211,"column":66}},"147":{"start":{"line":212,"column":28},"end":{"line":212,"column":66}},"148":{"start":{"line":213,"column":28},"end":{"line":213,"column":70}},"149":{"start":{"line":214,"column":12},"end":{"line":214,"column":127}},"150":{"start":{"line":216,"column":12},"end":{"line":216,"column":76}},"151":{"start":{"line":219,"column":8},"end":{"line":219,"column":72}},"152":{"start":{"line":221,"column":20},"end":{"line":221,"column":42}},"153":{"start":{"line":222,"column":4},"end":{"line":228,"column":5}},"154":{"start":{"line":223,"column":8},"end":{"line":223,"column":37}},"155":{"start":{"line":224,"column":8},"end":{"line":224,"column":95}},"156":{"start":{"line":225,"column":8},"end":{"line":225,"column":25}},"157":{"start":{"line":227,"column":8},"end":{"line":227,"column":22}},"158":{"start":{"line":233,"column":0},"end":{"line":243,"column":3}},"159":{"start":{"line":234,"column":4},"end":{"line":234,"column":26}},"160":{"start":{"line":234,"column":19},"end":{"line":234,"column":26}},"161":{"start":{"line":235,"column":16},"end":{"line":235,"column":70}},"162":{"start":{"line":236,"column":4},"end":{"line":242,"column":5}},"163":{"start":{"line":237,"column":8},"end":{"line":241,"column":9}},"164":{"start":{"line":238,"column":12},"end":{"line":238,"column":37}},"165":{"start":{"line":239,"column":12},"end":{"line":239,"column":43}},"166":{"start":{"line":240,"column":12},"end":{"line":240,"column":113}},"167":{"start":{"line":245,"column":0},"end":{"line":250,"column":3}},"168":{"start":{"line":246,"column":4},"end":{"line":249,"column":5}},"169":{"start":{"line":247,"column":8},"end":{"line":247,"column":101}},"170":{"start":{"line":248,"column":8},"end":{"line":248,"column":22}},"171":{"start":{"line":254,"column":4},"end":{"line":298,"column":5}},"172":{"start":{"line":255,"column":8},"end":{"line":255,"column":81}},"173":{"start":{"line":257,"column":31},"end":{"line":262,"column":9}},"174":{"start":{"line":264,"column":23},"end":{"line":264,"column":64}},"175":{"start":{"line":265,"column":23},"end":{"line":265,"column":52}},"176":{"start":{"line":266,"column":23},"end":{"line":266,"column":46}},"177":{"start":{"line":267,"column":8},"end":{"line":267,"column":52}},"178":{"start":{"line":268,"column":8},"end":{"line":268,"column":70}},"179":{"start":{"line":270,"column":8},"end":{"line":270,"column":108}},"180":{"start":{"line":271,"column":8},"end":{"line":271,"column":34}},"181":{"start":{"line":273,"column":8},"end":{"line":283,"column":13}},"182":{"start":{"line":274,"column":28},"end":{"line":274,"column":62}},"183":{"start":{"line":275,"column":16},"end":{"line":282,"column":17}},"184":{"start":{"line":276,"column":20},"end":{"line":276,"column":113}},"185":{"start":{"line":277,"column":20},"end":{"line":281,"column":23}},"186":{"start":{"line":284,"column":12},"end":{"line":289,"column":11}},"187":{"start":{"line":290,"column":8},"end":{"line":290,"column":97}},"188":{"start":{"line":290,"column":14},"end":{"line":290,"column":83}},"189":{"start":{"line":291,"column":8},"end":{"line":291,"column":97}},"190":{"start":{"line":291,"column":14},"end":{"line":291,"column":83}},"191":{"start":{"line":292,"column":8},"end":{"line":292,"column":93}},"192":{"start":{"line":292,"column":14},"end":{"line":292,"column":79}},"193":{"start":{"line":293,"column":8},"end":{"line":293,"column":99}},"194":{"start":{"line":293,"column":14},"end":{"line":293,"column":85}},"195":{"start":{"line":295,"column":8},"end":{"line":295,"column":94}},"196":{"start":{"line":297,"column":8},"end":{"line":297,"column":86}},"197":{"start":{"line":300,"column":0},"end":{"line":300,"column":15}},"198":{"start":{"line":304,"column":23},"end":{"line":304,"column":27}},"199":{"start":{"line":305,"column":17},"end":{"line":305,"column":22}},"200":{"start":{"line":306,"column":21},"end":{"line":306,"column":26}},"201":{"start":{"line":308,"column":0},"end":{"line":347,"column":2}},"202":{"start":{"line":310,"column":4},"end":{"line":311,"column":5}},"203":{"start":{"line":310,"column":110},"end":{"line":310,"column":120}},"204":{"start":{"line":313,"column":20},"end":{"line":313,"column":24}},"205":{"start":{"line":314,"column":16},"end":{"line":314,"column":20}},"206":{"start":{"line":315,"column":16},"end":{"line":315,"column":20}},"207":{"start":{"line":316,"column":17},"end":{"line":316,"column":21}},"208":{"start":{"line":318,"column":4},"end":{"line":327,"column":5}},"209":{"start":{"line":319,"column":19},"end":{"line":319,"column":44}},"210":{"start":{"line":320,"column":8},"end":{"line":320,"column":69}},"211":{"start":{"line":320,"column":44},"end":{"line":320,"column":69}},"212":{"start":{"line":321,"column":8},"end":{"line":321,"column":61}},"213":{"start":{"line":321,"column":40},"end":{"line":321,"column":61}},"214":{"start":{"line":322,"column":8},"end":{"line":322,"column":61}},"215":{"start":{"line":322,"column":40},"end":{"line":322,"column":61}},"216":{"start":{"line":323,"column":8},"end":{"line":326,"column":9}},"217":{"start":{"line":324,"column":20},"end":{"line":324,"column":49}},"218":{"start":{"line":325,"column":12},"end":{"line":325,"column":43}},"219":{"start":{"line":325,"column":19},"end":{"line":325,"column":43}},"220":{"start":{"line":329,"column":4},"end":{"line":329,"column":26}},"221":{"start":{"line":330,"column":4},"end":{"line":336,"column":5}},"222":{"start":{"line":331,"column":8},"end":{"line":331,"column":26}},"223":{"start":{"line":332,"column":8},"end":{"line":332,"column":63}},"224":{"start":{"line":334,"column":8},"end":{"line":334,"column":27}},"225":{"start":{"line":335,"column":8},"end":{"line":335,"column":32}},"226":{"start":{"line":338,"column":4},"end":{"line":342,"column":23}},"227":{"start":{"line":349,"column":0},"end":{"line":434,"column":2}},"228":{"start":{"line":351,"column":4},"end":{"line":352,"column":5}},"229":{"start":{"line":351,"column":110},"end":{"line":351,"column":120}},"230":{"start":{"line":354,"column":17},"end":{"line":354,"column":73}},"231":{"start":{"line":355,"column":18},"end":{"line":355,"column":42}},"232":{"start":{"line":356,"column":23},"end":{"line":356,"column":25}},"233":{"start":{"line":358,"column":4},"end":{"line":361,"column":6}},"234":{"start":{"line":359,"column":6},"end":{"line":359,"column":67}},"235":{"start":{"line":360,"column":6},"end":{"line":360,"column":31}},"236":{"start":{"line":363,"column":4},"end":{"line":430,"column":6}},"237":{"start":{"line":364,"column":6},"end":{"line":364,"column":26}},"238":{"start":{"line":365,"column":6},"end":{"line":429,"column":7}},"239":{"start":{"line":367,"column":22},"end":{"line":367,"column":46}},"240":{"start":{"line":368,"column":26},"end":{"line":368,"column":101}},"241":{"start":{"line":371,"column":31},"end":{"line":371,"column":68}},"242":{"start":{"line":372,"column":34},"end":{"line":372,"column":66}},"243":{"start":{"line":374,"column":23},"end":{"line":374,"column":43}},"244":{"start":{"line":375,"column":29},"end":{"line":375,"column":77}},"245":{"start":{"line":376,"column":33},"end":{"line":376,"column":85}},"246":{"start":{"line":377,"column":29},"end":{"line":377,"column":54}},"247":{"start":{"line":378,"column":31},"end":{"line":378,"column":62}},"248":{"start":{"line":379,"column":25},"end":{"line":379,"column":73}},"249":{"start":{"line":382,"column":22},"end":{"line":388,"column":10}},"250":{"start":{"line":390,"column":26},"end":{"line":390,"column":31}},"251":{"start":{"line":391,"column":8},"end":{"line":394,"column":9}},"252":{"start":{"line":392,"column":12},"end":{"line":392,"column":31}},"253":{"start":{"line":393,"column":12},"end":{"line":393,"column":109}},"254":{"start":{"line":395,"column":8},"end":{"line":395,"column":48}},"255":{"start":{"line":396,"column":28},"end":{"line":396,"column":52}},"256":{"start":{"line":398,"column":8},"end":{"line":425,"column":9}},"257":{"start":{"line":400,"column":12},"end":{"line":403,"column":15}},"258":{"start":{"line":404,"column":12},"end":{"line":404,"column":84}},"259":{"start":{"line":411,"column":12},"end":{"line":411,"column":36}},"260":{"start":{"line":412,"column":12},"end":{"line":412,"column":92}},"261":{"start":{"line":414,"column":12},"end":{"line":422,"column":13}},"262":{"start":{"line":415,"column":16},"end":{"line":417,"column":17}},"263":{"start":{"line":416,"column":20},"end":{"line":416,"column":51}},"264":{"start":{"line":418,"column":32},"end":{"line":418,"column":99}},"265":{"start":{"line":419,"column":16},"end":{"line":419,"column":50}},"266":{"start":{"line":420,"column":16},"end":{"line":420,"column":147}},"267":{"start":{"line":421,"column":16},"end":{"line":421,"column":73}},"268":{"start":{"line":424,"column":12},"end":{"line":424,"column":85}},"269":{"start":{"line":428,"column":8},"end":{"line":428,"column":87}},"270":{"start":{"line":437,"column":0},"end":{"line":533,"column":3}},"271":{"start":{"line":438,"column":4},"end":{"line":458,"column":5}},"272":{"start":{"line":439,"column":6},"end":{"line":439,"column":43}},"273":{"start":{"line":440,"column":11},"end":{"line":458,"column":5}},"274":{"start":{"line":441,"column":6},"end":{"line":441,"column":34}},"275":{"start":{"line":442,"column":6},"end":{"line":442,"column":19}},"276":{"start":{"line":443,"column":6},"end":{"line":447,"column":7}},"277":{"start":{"line":444,"column":8},"end":{"line":444,"column":23}},"278":{"start":{"line":446,"column":8},"end":{"line":446,"column":22}},"279":{"start":{"line":448,"column":6},"end":{"line":448,"column":48}},"280":{"start":{"line":449,"column":11},"end":{"line":458,"column":5}},"281":{"start":{"line":450,"column":8},"end":{"line":456,"column":9}},"282":{"start":{"line":451,"column":12},"end":{"line":453,"column":33}},"283":{"start":{"line":452,"column":29},"end":{"line":452,"column":84}},"284":{"start":{"line":455,"column":12},"end":{"line":455,"column":68}},"285":{"start":{"line":457,"column":8},"end":{"line":457,"column":37}},"286":{"start":{"line":459,"column":4},"end":{"line":461,"column":5}},"287":{"start":{"line":460,"column":8},"end":{"line":460,"column":92}},"288":{"start":{"line":462,"column":4},"end":{"line":532,"column":5}},"289":{"start":{"line":463,"column":6},"end":{"line":463,"column":73}},"290":{"start":{"line":463,"column":17},"end":{"line":463,"column":73}},"291":{"start":{"line":464,"column":6},"end":{"line":503,"column":7}},"292":{"start":{"line":465,"column":25},"end":{"line":465,"column":44}},"293":{"start":{"line":466,"column":30},"end":{"line":466,"column":82}},"294":{"start":{"line":467,"column":23},"end":{"line":467,"column":44}},"295":{"start":{"line":468,"column":25},"end":{"line":468,"column":32}},"296":{"start":{"line":469,"column":10},"end":{"line":469,"column":72}},"297":{"start":{"line":469,"column":43},"end":{"line":469,"column":72}},"298":{"start":{"line":470,"column":27},"end":{"line":470,"column":28}},"299":{"start":{"line":471,"column":10},"end":{"line":478,"column":11}},"300":{"start":{"line":472,"column":14},"end":{"line":477,"column":15}},"301":{"start":{"line":472,"column":44},"end":{"line":472,"column":76}},"302":{"start":{"line":473,"column":19},"end":{"line":477,"column":15}},"303":{"start":{"line":473,"column":53},"end":{"line":473,"column":89}},"304":{"start":{"line":475,"column":31},"end":{"line":475,"column":54}},"305":{"start":{"line":476,"column":18},"end":{"line":476,"column":68}},"306":{"start":{"line":476,"column":39},"end":{"line":476,"column":68}},"307":{"start":{"line":480,"column":10},"end":{"line":482,"column":11}},"308":{"start":{"line":481,"column":14},"end":{"line":481,"column":65}},"309":{"start":{"line":484,"column":31},"end":{"line":484,"column":180}},"310":{"start":{"line":485,"column":30},"end":{"line":485,"column":88}},"311":{"start":{"line":485,"column":62},"end":{"line":485,"column":87}},"312":{"start":{"line":487,"column":10},"end":{"line":487,"column":100}},"313":{"start":{"line":487,"column":40},"end":{"line":487,"column":100}},"314":{"start":{"line":489,"column":10},"end":{"line":499,"column":13}},"315":{"start":{"line":495,"column":54},"end":{"line":498,"column":15}},"316":{"start":{"line":501,"column":10},"end":{"line":501,"column":54}},"317":{"start":{"line":502,"column":10},"end":{"line":502,"column":58}},"318":{"start":{"line":504,"column":11},"end":{"line":532,"column":5}},"319":{"start":{"line":505,"column":8},"end":{"line":505,"column":75}},"320":{"start":{"line":506,"column":8},"end":{"line":521,"column":9}},"321":{"start":{"line":507,"column":12},"end":{"line":507,"column":95}},"322":{"start":{"line":509,"column":29},"end":{"line":509,"column":67}},"323":{"start":{"line":510,"column":31},"end":{"line":510,"column":84}},"324":{"start":{"line":511,"column":25},"end":{"line":511,"column":51}},"325":{"start":{"line":512,"column":24},"end":{"line":512,"column":49}},"326":{"start":{"line":514,"column":12},"end":{"line":518,"column":15}},"327":{"start":{"line":520,"column":12},"end":{"line":520,"column":76}},"328":{"start":{"line":522,"column":11},"end":{"line":532,"column":5}},"329":{"start":{"line":523,"column":8},"end":{"line":523,"column":74}},"330":{"start":{"line":524,"column":8},"end":{"line":531,"column":9}},"331":{"start":{"line":525,"column":12},"end":{"line":525,"column":51}},"332":{"start":{"line":526,"column":12},"end":{"line":526,"column":27}},"333":{"start":{"line":527,"column":12},"end":{"line":527,"column":63}},"334":{"start":{"line":528,"column":12},"end":{"line":528,"column":25}},"335":{"start":{"line":530,"column":12},"end":{"line":530,"column":75}}},"fnMap":{"0":{"name":"(anonymous_0)","decl":{"start":{"line":14,"column":47},"end":{"line":14,"column":48}},"loc":{"start":{"line":14,"column":56},"end":{"line":17,"column":1}},"line":14},"1":{"name":"getDatabaseSizeStr","decl":{"start":{"line":27,"column":15},"end":{"line":27,"column":33}},"loc":{"start":{"line":27,"column":36},"end":{"line":48,"column":1}},"line":27},"2":{"name":"updateIcon","decl":{"start":{"line":52,"column":15},"end":{"line":52,"column":25}},"loc":{"start":{"line":52,"column":28},"end":{"line":102,"column":1}},"line":52},"3":{"name":"incrementAndSaveCount","decl":{"start":{"line":104,"column":15},"end":{"line":104,"column":36}},"loc":{"start":{"line":104,"column":39},"end":{"line":123,"column":1}},"line":104},"4":{"name":"getBestBskyTab","decl":{"start":{"line":134,"column":15},"end":{"line":134,"column":29}},"loc":{"start":{"line":134,"column":32},"end":{"line":139,"column":1}},"line":134},"5":{"name":"(anonymous_5)","decl":{"start":{"line":137,"column":14},"end":{"line":137,"column":15}},"loc":{"start":{"line":137,"column":24},"end":{"line":137,"column":69}},"line":137},"6":{"name":"triggerFlutter","decl":{"start":{"line":141,"column":15},"end":{"line":141,"column":29}},"loc":{"start":{"line":141,"column":32},"end":{"line":179,"column":1}},"line":141},"7":{"name":"stopMonitor","decl":{"start":{"line":181,"column":15},"end":{"line":181,"column":26}},"loc":{"start":{"line":181,"column":29},"end":{"line":190,"column":1}},"line":181},"8":{"name":"autoDisable","decl":{"start":{"line":192,"column":15},"end":{"line":192,"column":26}},"loc":{"start":{"line":192,"column":29},"end":{"line":199,"column":1}},"line":192},"9":{"name":"sha1","decl":{"start":{"line":201,"column":15},"end":{"line":201,"column":19}},"loc":{"start":{"line":201,"column":25},"end":{"line":204,"column":1}},"line":201},"10":{"name":"(anonymous_10)","decl":{"start":{"line":203,"column":47},"end":{"line":203,"column":48}},"loc":{"start":{"line":203,"column":52},"end":{"line":203,"column":83}},"line":203},"11":{"name":"startMonitor","decl":{"start":{"line":206,"column":15},"end":{"line":206,"column":27}},"loc":{"start":{"line":206,"column":30},"end":{"line":229,"column":1}},"line":206},"12":{"name":"(anonymous_12)","decl":{"start":{"line":233,"column":37},"end":{"line":233,"column":38}},"loc":{"start":{"line":233,"column":59},"end":{"line":243,"column":1}},"line":233},"13":{"name":"(anonymous_13)","decl":{"start":{"line":235,"column":63},"end":{"line":235,"column":64}},"loc":{"start":{"line":235,"column":67},"end":{"line":235,"column":69}},"line":235},"14":{"name":"(anonymous_14)","decl":{"start":{"line":245,"column":35},"end":{"line":245,"column":36}},"loc":{"start":{"line":245,"column":52},"end":{"line":250,"column":1}},"line":245},"15":{"name":"initDatabase","decl":{"start":{"line":253,"column":15},"end":{"line":253,"column":27}},"loc":{"start":{"line":253,"column":30},"end":{"line":299,"column":1}},"line":253},"16":{"name":"(anonymous_16)","decl":{"start":{"line":309,"column":2},"end":{"line":309,"column":3}},"loc":{"start":{"line":309,"column":15},"end":{"line":344,"column":3}},"line":309},"17":{"name":"(anonymous_17)","decl":{"start":{"line":342,"column":13},"end":{"line":342,"column":14}},"loc":{"start":{"line":342,"column":19},"end":{"line":342,"column":21}},"line":342},"18":{"name":"(anonymous_18)","decl":{"start":{"line":350,"column":2},"end":{"line":350,"column":3}},"loc":{"start":{"line":350,"column":15},"end":{"line":431,"column":3}},"line":350},"19":{"name":"(anonymous_19)","decl":{"start":{"line":358,"column":20},"end":{"line":358,"column":21}},"loc":{"start":{"line":358,"column":31},"end":{"line":361,"column":5}},"line":358},"20":{"name":"(anonymous_20)","decl":{"start":{"line":363,"column":20},"end":{"line":363,"column":21}},"loc":{"start":{"line":363,"column":37},"end":{"line":430,"column":5}},"line":363},"21":{"name":"(anonymous_21)","decl":{"start":{"line":404,"column":74},"end":{"line":404,"column":75}},"loc":{"start":{"line":404,"column":80},"end":{"line":404,"column":82}},"line":404},"22":{"name":"(anonymous_22)","decl":{"start":{"line":437,"column":38},"end":{"line":437,"column":39}},"loc":{"start":{"line":437,"column":57},"end":{"line":533,"column":1}},"line":437},"23":{"name":"(anonymous_23)","decl":{"start":{"line":452,"column":22},"end":{"line":452,"column":23}},"loc":{"start":{"line":452,"column":29},"end":{"line":452,"column":84}},"line":452},"24":{"name":"(anonymous_24)","decl":{"start":{"line":453,"column":23},"end":{"line":453,"column":24}},"loc":{"start":{"line":453,"column":29},"end":{"line":453,"column":31}},"line":453},"25":{"name":"(anonymous_25)","decl":{"start":{"line":485,"column":57},"end":{"line":485,"column":58}},"loc":{"start":{"line":485,"column":62},"end":{"line":485,"column":87}},"line":485},"26":{"name":"(anonymous_26)","decl":{"start":{"line":495,"column":48},"end":{"line":495,"column":49}},"loc":{"start":{"line":495,"column":54},"end":{"line":498,"column":15}},"line":495}},"branchMap":{"0":{"loc":{"start":{"line":15,"column":17},"end":{"line":15,"column":36}},"type":"binary-expr","locations":[{"start":{"line":15,"column":17},"end":{"line":15,"column":31}},{"start":{"line":15,"column":35},"end":{"line":15,"column":36}}],"line":15},"1":{"loc":{"start":{"line":43,"column":4},"end":{"line":43,"column":39}},"type":"if","locations":[{"start":{"line":43,"column":4},"end":{"line":43,"column":39}},{"start":{},"end":{}}],"line":43},"2":{"loc":{"start":{"line":54,"column":4},"end":{"line":58,"column":5}},"type":"if","locations":[{"start":{"line":54,"column":4},"end":{"line":58,"column":5}},{"start":{},"end":{}}],"line":54},"3":{"loc":{"start":{"line":54,"column":8},"end":{"line":54,"column":67}},"type":"binary-expr","locations":[{"start":{"line":54,"column":8},"end":{"line":54,"column":30}},{"start":{"line":54,"column":34},"end":{"line":54,"column":50}},{"start":{"line":54,"column":54},"end":{"line":54,"column":67}}],"line":54},"4":{"loc":{"start":{"line":61,"column":4},"end":{"line":63,"column":5}},"type":"if","locations":[{"start":{"line":61,"column":4},"end":{"line":63,"column":5}},{"start":{},"end":{}}],"line":61},"5":{"loc":{"start":{"line":66,"column":4},"end":{"line":84,"column":5}},"type":"if","locations":[{"start":{"line":66,"column":4},"end":{"line":84,"column":5}},{"start":{"line":82,"column":11},"end":{"line":84,"column":5}}],"line":66},"6":{"loc":{"start":{"line":70,"column":12},"end":{"line":70,"column":74}},"type":"if","locations":[{"start":{"line":70,"column":12},"end":{"line":70,"column":74}},{"start":{},"end":{}}],"line":70},"7":{"loc":{"start":{"line":70,"column":16},"end":{"line":70,"column":43}},"type":"binary-expr","locations":[{"start":{"line":70,"column":16},"end":{"line":70,"column":24}},{"start":{"line":70,"column":28},"end":{"line":70,"column":43}}],"line":70},"8":{"loc":{"start":{"line":71,"column":12},"end":{"line":75,"column":13}},"type":"if","locations":[{"start":{"line":71,"column":12},"end":{"line":75,"column":13}},{"start":{},"end":{}}],"line":71},"9":{"loc":{"start":{"line":72,"column":16},"end":{"line":74,"column":66}},"type":"if","locations":[{"start":{"line":72,"column":16},"end":{"line":74,"column":66}},{"start":{"line":73,"column":21},"end":{"line":74,"column":66}}],"line":72},"10":{"loc":{"start":{"line":73,"column":21},"end":{"line":74,"column":66}},"type":"if","locations":[{"start":{"line":73,"column":21},"end":{"line":74,"column":66}},{"start":{"line":74,"column":21},"end":{"line":74,"column":66}}],"line":73},"11":{"loc":{"start":{"line":86,"column":46},"end":{"line":86,"column":69}},"type":"cond-expr","locations":[{"start":{"line":86,"column":57},"end":{"line":86,"column":61}},{"start":{"line":86,"column":64},"end":{"line":86,"column":69}}],"line":86},"12":{"loc":{"start":{"line":93,"column":4},"end":{"line":100,"column":5}},"type":"if","locations":[{"start":{"line":93,"column":4},"end":{"line":100,"column":5}},{"start":{"line":97,"column":11},"end":{"line":100,"column":5}}],"line":93},"13":{"loc":{"start":{"line":109,"column":4},"end":{"line":109,"column":46}},"type":"if","locations":[{"start":{"line":109,"column":4},"end":{"line":109,"column":46}},{"start":{},"end":{}}],"line":109},"14":{"loc":{"start":{"line":110,"column":4},"end":{"line":117,"column":5}},"type":"if","locations":[{"start":{"line":110,"column":4},"end":{"line":117,"column":5}},{"start":{"line":112,"column":11},"end":{"line":117,"column":5}}],"line":110},"15":{"loc":{"start":{"line":114,"column":8},"end":{"line":116,"column":9}},"type":"if","locations":[{"start":{"line":114,"column":8},"end":{"line":116,"column":9}},{"start":{},"end":{}}],"line":114},"16":{"loc":{"start":{"line":136,"column":4},"end":{"line":136,"column":39}},"type":"if","locations":[{"start":{"line":136,"column":4},"end":{"line":136,"column":39}},{"start":{},"end":{}}],"line":136},"17":{"loc":{"start":{"line":137,"column":25},"end":{"line":137,"column":44}},"type":"binary-expr","locations":[{"start":{"line":137,"column":25},"end":{"line":137,"column":39}},{"start":{"line":137,"column":43},"end":{"line":137,"column":44}}],"line":137},"18":{"loc":{"start":{"line":137,"column":49},"end":{"line":137,"column":68}},"type":"binary-expr","locations":[{"start":{"line":137,"column":49},"end":{"line":137,"column":63}},{"start":{"line":137,"column":67},"end":{"line":137,"column":68}}],"line":137},"19":{"loc":{"start":{"line":142,"column":4},"end":{"line":142,"column":46}},"type":"if","locations":[{"start":{"line":142,"column":4},"end":{"line":142,"column":46}},{"start":{},"end":{}}],"line":142},"20":{"loc":{"start":{"line":142,"column":8},"end":{"line":142,"column":37}},"type":"binary-expr","locations":[{"start":{"line":142,"column":8},"end":{"line":142,"column":17}},{"start":{"line":142,"column":21},"end":{"line":142,"column":37}}],"line":142},"21":{"loc":{"start":{"line":145,"column":34},"end":{"line":145,"column":87}},"type":"cond-expr","locations":[{"start":{"line":145,"column":50},"end":{"line":145,"column":76}},{"start":{"line":145,"column":79},"end":{"line":145,"column":87}}],"line":145},"22":{"loc":{"start":{"line":146,"column":37},"end":{"line":146,"column":98}},"type":"cond-expr","locations":[{"start":{"line":146,"column":57},"end":{"line":146,"column":87}},{"start":{"line":146,"column":90},"end":{"line":146,"column":98}}],"line":146},"23":{"loc":{"start":{"line":151,"column":8},"end":{"line":157,"column":9}},"type":"if","locations":[{"start":{"line":151,"column":8},"end":{"line":157,"column":9}},{"start":{"line":154,"column":15},"end":{"line":157,"column":9}}],"line":151},"24":{"loc":{"start":{"line":154,"column":15},"end":{"line":157,"column":9}},"type":"if","locations":[{"start":{"line":154,"column":15},"end":{"line":157,"column":9}},{"start":{},"end":{}}],"line":154},"25":{"loc":{"start":{"line":159,"column":8},"end":{"line":166,"column":9}},"type":"if","locations":[{"start":{"line":159,"column":8},"end":{"line":166,"column":9}},{"start":{},"end":{}}],"line":159},"26":{"loc":{"start":{"line":182,"column":4},"end":{"line":185,"column":5}},"type":"if","locations":[{"start":{"line":182,"column":4},"end":{"line":185,"column":5}},{"start":{},"end":{}}],"line":182},"27":{"loc":{"start":{"line":186,"column":4},"end":{"line":189,"column":5}},"type":"if","locations":[{"start":{"line":186,"column":4},"end":{"line":189,"column":5}},{"start":{},"end":{}}],"line":186},"28":{"loc":{"start":{"line":193,"column":4},"end":{"line":198,"column":5}},"type":"if","locations":[{"start":{"line":193,"column":4},"end":{"line":198,"column":5}},{"start":{},"end":{}}],"line":193},"29":{"loc":{"start":{"line":208,"column":4},"end":{"line":220,"column":5}},"type":"if","locations":[{"start":{"line":208,"column":4},"end":{"line":220,"column":5}},{"start":{"line":218,"column":11},"end":{"line":220,"column":5}}],"line":208},"30":{"loc":{"start":{"line":208,"column":8},"end":{"line":208,"column":55}},"type":"binary-expr","locations":[{"start":{"line":208,"column":8},"end":{"line":208,"column":25}},{"start":{"line":208,"column":29},"end":{"line":208,"column":55}}],"line":208},"31":{"loc":{"start":{"line":222,"column":4},"end":{"line":228,"column":5}},"type":"if","locations":[{"start":{"line":222,"column":4},"end":{"line":228,"column":5}},{"start":{"line":226,"column":11},"end":{"line":228,"column":5}}],"line":222},"32":{"loc":{"start":{"line":234,"column":4},"end":{"line":234,"column":26}},"type":"if","locations":[{"start":{"line":234,"column":4},"end":{"line":234,"column":26}},{"start":{},"end":{}}],"line":234},"33":{"loc":{"start":{"line":236,"column":4},"end":{"line":242,"column":5}},"type":"if","locations":[{"start":{"line":236,"column":4},"end":{"line":242,"column":5}},{"start":{},"end":{}}],"line":236},"34":{"loc":{"start":{"line":236,"column":8},"end":{"line":236,"column":54}},"type":"binary-expr","locations":[{"start":{"line":236,"column":8},"end":{"line":236,"column":11}},{"start":{"line":236,"column":15},"end":{"line":236,"column":22}},{"start":{"line":236,"column":26},"end":{"line":236,"column":54}}],"line":236},"35":{"loc":{"start":{"line":237,"column":8},"end":{"line":241,"column":9}},"type":"if","locations":[{"start":{"line":237,"column":8},"end":{"line":241,"column":9}},{"start":{},"end":{}}],"line":237},"36":{"loc":{"start":{"line":246,"column":4},"end":{"line":249,"column":5}},"type":"if","locations":[{"start":{"line":246,"column":4},"end":{"line":249,"column":5}},{"start":{},"end":{}}],"line":246},"37":{"loc":{"start":{"line":246,"column":8},"end":{"line":246,"column":45}},"type":"binary-expr","locations":[{"start":{"line":246,"column":8},"end":{"line":246,"column":16}},{"start":{"line":246,"column":20},"end":{"line":246,"column":45}}],"line":246},"38":{"loc":{"start":{"line":273,"column":8},"end":{"line":283,"column":13}},"type":"if","locations":[{"start":{"line":273,"column":8},"end":{"line":283,"column":13}},{"start":{},"end":{}}],"line":273},"39":{"loc":{"start":{"line":273,"column":12},"end":{"line":273,"column":59}},"type":"binary-expr","locations":[{"start":{"line":273,"column":12},"end":{"line":273,"column":29}},{"start":{"line":273,"column":33},"end":{"line":273,"column":59}}],"line":273},"40":{"loc":{"start":{"line":275,"column":16},"end":{"line":282,"column":17}},"type":"if","locations":[{"start":{"line":275,"column":16},"end":{"line":282,"column":17}},{"start":{},"end":{}}],"line":275},"41":{"loc":{"start":{"line":275,"column":20},"end":{"line":275,"column":76}},"type":"binary-expr","locations":[{"start":{"line":275,"column":20},"end":{"line":275,"column":29}},{"start":{"line":275,"column":33},"end":{"line":275,"column":42}},{"start":{"line":275,"column":46},"end":{"line":275,"column":76}}],"line":275},"42":{"loc":{"start":{"line":310,"column":4},"end":{"line":311,"column":5}},"type":"if","locations":[{"start":{"line":310,"column":4},"end":{"line":311,"column":5}},{"start":{},"end":{}}],"line":310},"43":{"loc":{"start":{"line":310,"column":8},"end":{"line":310,"column":106}},"type":"binary-expr","locations":[{"start":{"line":310,"column":8},"end":{"line":310,"column":17}},{"start":{"line":310,"column":21},"end":{"line":310,"column":74}},{"start":{"line":310,"column":78},"end":{"line":310,"column":106}}],"line":310},"44":{"loc":{"start":{"line":320,"column":8},"end":{"line":320,"column":69}},"type":"if","locations":[{"start":{"line":320,"column":8},"end":{"line":320,"column":69}},{"start":{},"end":{}}],"line":320},"45":{"loc":{"start":{"line":321,"column":8},"end":{"line":321,"column":61}},"type":"if","locations":[{"start":{"line":321,"column":8},"end":{"line":321,"column":61}},{"start":{},"end":{}}],"line":321},"46":{"loc":{"start":{"line":322,"column":8},"end":{"line":322,"column":61}},"type":"if","locations":[{"start":{"line":322,"column":8},"end":{"line":322,"column":61}},{"start":{},"end":{}}],"line":322},"47":{"loc":{"start":{"line":323,"column":8},"end":{"line":326,"column":9}},"type":"if","locations":[{"start":{"line":323,"column":8},"end":{"line":326,"column":9}},{"start":{},"end":{}}],"line":323},"48":{"loc":{"start":{"line":325,"column":12},"end":{"line":325,"column":43}},"type":"if","locations":[{"start":{"line":325,"column":12},"end":{"line":325,"column":43}},{"start":{},"end":{}}],"line":325},"49":{"loc":{"start":{"line":330,"column":4},"end":{"line":336,"column":5}},"type":"if","locations":[{"start":{"line":330,"column":4},"end":{"line":336,"column":5}},{"start":{"line":333,"column":11},"end":{"line":336,"column":5}}],"line":330},"50":{"loc":{"start":{"line":330,"column":8},"end":{"line":330,"column":44}},"type":"binary-expr","locations":[{"start":{"line":330,"column":8},"end":{"line":330,"column":26}},{"start":{"line":330,"column":30},"end":{"line":330,"column":44}}],"line":330},"51":{"loc":{"start":{"line":351,"column":4},"end":{"line":352,"column":5}},"type":"if","locations":[{"start":{"line":351,"column":4},"end":{"line":352,"column":5}},{"start":{},"end":{}}],"line":351},"52":{"loc":{"start":{"line":351,"column":8},"end":{"line":351,"column":106}},"type":"binary-expr","locations":[{"start":{"line":351,"column":8},"end":{"line":351,"column":17}},{"start":{"line":351,"column":21},"end":{"line":351,"column":74}},{"start":{"line":351,"column":78},"end":{"line":351,"column":106}}],"line":351},"53":{"loc":{"start":{"line":368,"column":26},"end":{"line":368,"column":101}},"type":"binary-expr","locations":[{"start":{"line":368,"column":26},"end":{"line":368,"column":40}},{"start":{"line":368,"column":44},"end":{"line":368,"column":58}},{"start":{"line":368,"column":63},"end":{"line":368,"column":100}}],"line":368},"54":{"loc":{"start":{"line":368,"column":63},"end":{"line":368,"column":100}},"type":"cond-expr","locations":[{"start":{"line":368,"column":88},"end":{"line":368,"column":95}},{"start":{"line":368,"column":98},"end":{"line":368,"column":100}}],"line":368},"55":{"loc":{"start":{"line":375,"column":29},"end":{"line":375,"column":77}},"type":"binary-expr","locations":[{"start":{"line":375,"column":29},"end":{"line":375,"column":62}},{"start":{"line":375,"column":66},"end":{"line":375,"column":77}}],"line":375},"56":{"loc":{"start":{"line":376,"column":33},"end":{"line":376,"column":85}},"type":"cond-expr","locations":[{"start":{"line":376,"column":52},"end":{"line":376,"column":80}},{"start":{"line":376,"column":84},"end":{"line":376,"column":85}}],"line":376},"57":{"loc":{"start":{"line":379,"column":25},"end":{"line":379,"column":73}},"type":"cond-expr","locations":[{"start":{"line":379,"column":42},"end":{"line":379,"column":68}},{"start":{"line":379,"column":72},"end":{"line":379,"column":73}}],"line":379},"58":{"loc":{"start":{"line":391,"column":8},"end":{"line":394,"column":9}},"type":"if","locations":[{"start":{"line":391,"column":8},"end":{"line":394,"column":9}},{"start":{},"end":{}}],"line":391},"59":{"loc":{"start":{"line":398,"column":8},"end":{"line":425,"column":9}},"type":"if","locations":[{"start":{"line":398,"column":8},"end":{"line":425,"column":9}},{"start":{"line":423,"column":15},"end":{"line":425,"column":9}}],"line":398},"60":{"loc":{"start":{"line":414,"column":12},"end":{"line":422,"column":13}},"type":"if","locations":[{"start":{"line":414,"column":12},"end":{"line":422,"column":13}},{"start":{},"end":{}}],"line":414},"61":{"loc":{"start":{"line":415,"column":16},"end":{"line":417,"column":17}},"type":"if","locations":[{"start":{"line":415,"column":16},"end":{"line":417,"column":17}},{"start":{},"end":{}}],"line":415},"62":{"loc":{"start":{"line":438,"column":4},"end":{"line":458,"column":5}},"type":"if","locations":[{"start":{"line":438,"column":4},"end":{"line":458,"column":5}},{"start":{"line":440,"column":11},"end":{"line":458,"column":5}}],"line":438},"63":{"loc":{"start":{"line":440,"column":11},"end":{"line":458,"column":5}},"type":"if","locations":[{"start":{"line":440,"column":11},"end":{"line":458,"column":5}},{"start":{"line":449,"column":11},"end":{"line":458,"column":5}}],"line":440},"64":{"loc":{"start":{"line":443,"column":6},"end":{"line":447,"column":7}},"type":"if","locations":[{"start":{"line":443,"column":6},"end":{"line":447,"column":7}},{"start":{"line":445,"column":13},"end":{"line":447,"column":7}}],"line":443},"65":{"loc":{"start":{"line":449,"column":11},"end":{"line":458,"column":5}},"type":"if","locations":[{"start":{"line":449,"column":11},"end":{"line":458,"column":5}},{"start":{},"end":{}}],"line":449},"66":{"loc":{"start":{"line":450,"column":8},"end":{"line":456,"column":9}},"type":"if","locations":[{"start":{"line":450,"column":8},"end":{"line":456,"column":9}},{"start":{"line":454,"column":15},"end":{"line":456,"column":9}}],"line":450},"67":{"loc":{"start":{"line":459,"column":4},"end":{"line":461,"column":5}},"type":"if","locations":[{"start":{"line":459,"column":4},"end":{"line":461,"column":5}},{"start":{},"end":{}}],"line":459},"68":{"loc":{"start":{"line":462,"column":4},"end":{"line":532,"column":5}},"type":"if","locations":[{"start":{"line":462,"column":4},"end":{"line":532,"column":5}},{"start":{"line":504,"column":11},"end":{"line":532,"column":5}}],"line":462},"69":{"loc":{"start":{"line":463,"column":6},"end":{"line":463,"column":73}},"type":"if","locations":[{"start":{"line":463,"column":6},"end":{"line":463,"column":73}},{"start":{},"end":{}}],"line":463},"70":{"loc":{"start":{"line":465,"column":25},"end":{"line":465,"column":44}},"type":"binary-expr","locations":[{"start":{"line":465,"column":25},"end":{"line":465,"column":39}},{"start":{"line":465,"column":43},"end":{"line":465,"column":44}}],"line":465},"71":{"loc":{"start":{"line":469,"column":10},"end":{"line":469,"column":72}},"type":"if","locations":[{"start":{"line":469,"column":10},"end":{"line":469,"column":72}},{"start":{},"end":{}}],"line":469},"72":{"loc":{"start":{"line":469,"column":14},"end":{"line":469,"column":41}},"type":"binary-expr","locations":[{"start":{"line":469,"column":14},"end":{"line":469,"column":22}},{"start":{"line":469,"column":26},"end":{"line":469,"column":41}}],"line":469},"73":{"loc":{"start":{"line":471,"column":10},"end":{"line":478,"column":11}},"type":"if","locations":[{"start":{"line":471,"column":10},"end":{"line":478,"column":11}},{"start":{},"end":{}}],"line":471},"74":{"loc":{"start":{"line":472,"column":14},"end":{"line":477,"column":15}},"type":"if","locations":[{"start":{"line":472,"column":14},"end":{"line":477,"column":15}},{"start":{"line":473,"column":19},"end":{"line":477,"column":15}}],"line":472},"75":{"loc":{"start":{"line":473,"column":19},"end":{"line":477,"column":15}},"type":"if","locations":[{"start":{"line":473,"column":19},"end":{"line":477,"column":15}},{"start":{"line":474,"column":19},"end":{"line":477,"column":15}}],"line":473},"76":{"loc":{"start":{"line":476,"column":18},"end":{"line":476,"column":68}},"type":"if","locations":[{"start":{"line":476,"column":18},"end":{"line":476,"column":68}},{"start":{},"end":{}}],"line":476},"77":{"loc":{"start":{"line":480,"column":10},"end":{"line":482,"column":11}},"type":"if","locations":[{"start":{"line":480,"column":10},"end":{"line":482,"column":11}},{"start":{},"end":{}}],"line":480},"78":{"loc":{"start":{"line":485,"column":62},"end":{"line":485,"column":87}},"type":"cond-expr","locations":[{"start":{"line":485,"column":73},"end":{"line":485,"column":83}},{"start":{"line":485,"column":86},"end":{"line":485,"column":87}}],"line":485},"79":{"loc":{"start":{"line":487,"column":10},"end":{"line":487,"column":100}},"type":"if","locations":[{"start":{"line":487,"column":10},"end":{"line":487,"column":100}},{"start":{},"end":{}}],"line":487},"80":{"loc":{"start":{"line":493,"column":28},"end":{"line":493,"column":139}},"type":"cond-expr","locations":[{"start":{"line":493,"column":74},"end":{"line":493,"column":97}},{"start":{"line":493,"column":100},"end":{"line":493,"column":139}}],"line":493},"81":{"loc":{"start":{"line":497,"column":23},"end":{"line":497,"column":95}},"type":"cond-expr","locations":[{"start":{"line":497,"column":56},"end":{"line":497,"column":66}},{"start":{"line":497,"column":69},"end":{"line":497,"column":95}}],"line":497},"82":{"loc":{"start":{"line":504,"column":11},"end":{"line":532,"column":5}},"type":"if","locations":[{"start":{"line":504,"column":11},"end":{"line":532,"column":5}},{"start":{"line":522,"column":11},"end":{"line":532,"column":5}}],"line":504},"83":{"loc":{"start":{"line":522,"column":11},"end":{"line":532,"column":5}},"type":"if","locations":[{"start":{"line":522,"column":11},"end":{"line":532,"column":5}},{"start":{},"end":{}}],"line":522}},"s":{"0":9,"1":9,"2":9,"3":9,"4":9,"5":9,"6":9,"7":9,"8":9,"9":9,"10":9,"11":9,"12":9,"13":9,"14":9,"15":0,"16":0,"17":0,"18":0,"19":0,"20":0,"21":0,"22":0,"23":0,"24":0,"25":0,"26":0,"27":0,"28":0,"29":0,"30":0,"31":0,"32":9,"33":14,"34":14,"35":0,"36":0,"37":0,"38":14,"39":14,"40":0,"41":14,"42":14,"43":5,"44":5,"45":5,"46":5,"47":0,"48":5,"49":0,"50":0,"51":0,"52":0,"53":0,"54":5,"55":5,"56":0,"57":9,"58":14,"59":14,"60":14,"61":14,"62":14,"63":14,"64":14,"65":4,"66":4,"67":4,"68":10,"69":10,"70":14,"71":0,"72":0,"73":0,"74":0,"75":0,"76":0,"77":0,"78":0,"79":0,"80":0,"81":0,"82":0,"83":0,"84":0,"85":9,"86":9,"87":9,"88":9,"89":9,"90":9,"91":9,"92":9,"93":4,"94":4,"95":0,"96":4,"97":0,"98":4,"99":4,"100":0,"101":4,"102":4,"103":4,"104":4,"105":4,"106":4,"107":0,"108":0,"109":4,"110":0,"111":0,"112":4,"113":0,"114":0,"115":0,"116":0,"117":0,"118":0,"119":4,"120":4,"121":4,"122":4,"123":4,"124":4,"125":4,"126":0,"127":0,"128":4,"129":0,"130":0,"131":4,"132":0,"133":0,"134":0,"135":0,"136":0,"137":0,"138":0,"139":1,"140":0,"141":0,"142":4,"143":4,"144":0,"145":0,"146":0,"147":0,"148":0,"149":0,"150":0,"151":4,"152":4,"153":4,"154":4,"155":4,"156":4,"157":0,"158":9,"159":0,"160":0,"161":0,"162":0,"163":0,"164":0,"165":0,"166":0,"167":9,"168":0,"169":0,"170":0,"171":9,"172":9,"173":9,"174":9,"175":9,"176":9,"177":9,"178":9,"179":9,"180":9,"181":9,"182":0,"183":0,"184":0,"185":0,"186":9,"187":9,"188":9,"189":9,"190":9,"191":9,"192":9,"193":9,"194":9,"195":9,"196":0,"197":9,"198":9,"199":9,"200":9,"201":9,"202":2,"203":0,"204":2,"205":2,"206":2,"207":2,"208":2,"209":6,"210":6,"211":2,"212":6,"213":2,"214":6,"215":2,"216":6,"217":0,"218":0,"219":0,"220":2,"221":2,"222":2,"223":2,"224":0,"225":0,"226":2,"227":9,"228":1,"229":0,"230":1,"231":1,"232":1,"233":1,"234":1,"235":1,"236":1,"237":1,"238":1,"239":1,"240":1,"241":1,"242":1,"243":1,"244":1,"245":1,"246":1,"247":1,"248":0,"249":0,"250":0,"251":0,"252":0,"253":0,"254":0,"255":0,"256":0,"257":0,"258":0,"259":0,"260":0,"261":0,"262":0,"263":0,"264":0,"265":0,"266":0,"267":0,"268":0,"269":1,"270":9,"271":9,"272":1,"273":8,"274":4,"275":4,"276":4,"277":4,"278":0,"279":4,"280":4,"281":1,"282":0,"283":0,"284":1,"285":1,"286":3,"287":0,"288":3,"289":1,"290":0,"291":1,"292":1,"293":1,"294":1,"295":1,"296":1,"297":0,"298":1,"299":1,"300":0,"301":0,"302":0,"303":0,"304":0,"305":0,"306":0,"307":1,"308":1,"309":0,"310":0,"311":0,"312":0,"313":0,"314":0,"315":0,"316":0,"317":0,"318":2,"319":1,"320":1,"321":1,"322":1,"323":1,"324":1,"325":1,"326":1,"327":0,"328":1,"329":1,"330":1,"331":1,"332":1,"333":1,"334":1,"335":0},"f":{"0":9,"1":0,"2":14,"3":0,"4":4,"5":0,"6":4,"7":4,"8":0,"9":1,"10":0,"11":4,"12":0,"13":0,"14":0,"15":9,"16":2,"17":0,"18":1,"19":1,"20":1,"21":0,"22":9,"23":0,"24":0,"25":0,"26":0},"b":{"0":[9,0],"1":[0,0],"2":[0,14],"3":[14,0,0],"4":[0,14],"5":[5,9],"6":[0,5],"7":[5,0],"8":[0,5],"9":[0,0],"10":[0,0],"11":[4,10],"12":[4,10],"13":[0,0],"14":[0,0],"15":[0,0],"16":[0,4],"17":[0,0],"18":[0,0],"19":[0,4],"20":[4,4],"21":[0,4],"22":[0,4],"23":[0,4],"24":[0,4],"25":[0,4],"26":[0,4],"27":[0,4],"28":[0,0],"29":[0,4],"30":[4,2],"31":[4,0],"32":[0,0],"33":[0,0],"34":[0,0,0],"35":[0,0],"36":[0,0],"37":[0,0],"38":[0,9],"39":[9,3],"40":[0,0],"41":[0,0,0],"42":[0,2],"43":[2,2,2],"44":[2,4],"45":[2,4],"46":[2,4],"47":[0,6],"48":[0,0],"49":[2,0],"50":[2,2],"51":[0,1],"52":[1,1,1],"53":[1,1,0],"54":[0,0],"55":[1,1],"56":[0,1],"57":[0,0],"58":[0,0],"59":[0,0],"60":[0,0],"61":[0,0],"62":[1,8],"63":[4,4],"64":[4,0],"65":[1,3],"66":[0,1],"67":[0,3],"68":[1,2],"69":[0,1],"70":[1,1],"71":[0,1],"72":[1,0],"73":[0,1],"74":[0,0],"75":[0,0],"76":[0,0],"77":[1,0],"78":[0,0],"79":[0,0],"80":[0,0],"81":[0,0],"82":[1,1],"83":[1,0]},"_coverageSchema":"1a1c01bbd47fc00a2c39e90264f33305004495a9","hash":"121ad51ca47d432c5103b4bd091214986b624d76"}
,"/home/chuubi/Desktop/boromir-meme/trends_extension/src/math_deltas.js": {"path":"/home/chuubi/Desktop/boromir-meme/trends_extension/src/math_deltas.js","statementMap":{"0":{"start":{"line":2,"column":16},"end":{"line":2,"column":80}},"1":{"start":{"line":3,"column":15},"end":{"line":3,"column":20}},"2":{"start":{"line":4,"column":13},"end":{"line":4,"column":29}},"3":{"start":{"line":5,"column":13},"end":{"line":5,"column":72}},"4":{"start":{"line":7,"column":22},"end":{"line":7,"column":381}},"5":{"start":{"line":8,"column":20},"end":{"line":8,"column":22}},"6":{"start":{"line":9,"column":20},"end":{"line":9,"column":22}},"7":{"start":{"line":10,"column":27},"end":{"line":10,"column":29}},"8":{"start":{"line":12,"column":4},"end":{"line":52,"column":5}},"9":{"start":{"line":13,"column":25},"end":{"line":13,"column":42}},"10":{"start":{"line":14,"column":24},"end":{"line":14,"column":132}},"11":{"start":{"line":14,"column":51},"end":{"line":14,"column":131}},"12":{"start":{"line":16,"column":8},"end":{"line":51,"column":9}},"13":{"start":{"line":17,"column":27},"end":{"line":17,"column":40}},"14":{"start":{"line":18,"column":25},"end":{"line":18,"column":46}},"15":{"start":{"line":19,"column":25},"end":{"line":19,"column":46}},"16":{"start":{"line":20,"column":25},"end":{"line":20,"column":99}},"17":{"start":{"line":22,"column":27},"end":{"line":22,"column":42}},"18":{"start":{"line":23,"column":12},"end":{"line":25,"column":170}},"19":{"start":{"line":23,"column":30},"end":{"line":23,"column":154}},"20":{"start":{"line":24,"column":17},"end":{"line":25,"column":170}},"21":{"start":{"line":24,"column":35},"end":{"line":24,"column":169}},"22":{"start":{"line":25,"column":17},"end":{"line":25,"column":170}},"23":{"start":{"line":27,"column":25},"end":{"line":27,"column":36}},"24":{"start":{"line":28,"column":12},"end":{"line":29,"column":95}},"25":{"start":{"line":28,"column":28},"end":{"line":28,"column":91}},"26":{"start":{"line":29,"column":17},"end":{"line":29,"column":95}},"27":{"start":{"line":29,"column":33},"end":{"line":29,"column":95}},"28":{"start":{"line":31,"column":25},"end":{"line":31,"column":36}},"29":{"start":{"line":32,"column":12},"end":{"line":33,"column":95}},"30":{"start":{"line":32,"column":28},"end":{"line":32,"column":91}},"31":{"start":{"line":33,"column":17},"end":{"line":33,"column":95}},"32":{"start":{"line":33,"column":33},"end":{"line":33,"column":95}},"33":{"start":{"line":35,"column":12},"end":{"line":50,"column":13}},"34":{"start":{"line":36,"column":37},"end":{"line":36,"column":50}},"35":{"start":{"line":37,"column":16},"end":{"line":42,"column":17}},"36":{"start":{"line":37,"column":29},"end":{"line":37,"column":30}},"37":{"start":{"line":38,"column":29},"end":{"line":38,"column":46}},"38":{"start":{"line":39,"column":33},"end":{"line":39,"column":133}},"39":{"start":{"line":39,"column":52},"end":{"line":39,"column":132}},"40":{"start":{"line":40,"column":20},"end":{"line":41,"column":31}},"41":{"start":{"line":40,"column":45},"end":{"line":40,"column":76}},"42":{"start":{"line":41,"column":25},"end":{"line":41,"column":31}},"43":{"start":{"line":43,"column":28},"end":{"line":43,"column":173}},"44":{"start":{"line":44,"column":30},"end":{"line":44,"column":55}},"45":{"start":{"line":45,"column":16},"end":{"line":49,"column":17}},"46":{"start":{"line":46,"column":20},"end":{"line":46,"column":195}},"47":{"start":{"line":47,"column":23},"end":{"line":49,"column":17}},"48":{"start":{"line":48,"column":20},"end":{"line":48,"column":187}},"49":{"start":{"line":54,"column":4},"end":{"line":54,"column":67}},"50":{"start":{"line":57,"column":0},"end":{"line":59,"column":1}},"51":{"start":{"line":58,"column":4},"end":{"line":58,"column":41}}},"fnMap":{"0":{"name":"calculateDeltas","decl":{"start":{"line":1,"column":9},"end":{"line":1,"column":24}},"loc":{"start":{"line":1,"column":60},"end":{"line":55,"column":1}},"line":1},"1":{"name":"(anonymous_1)","decl":{"start":{"line":14,"column":45},"end":{"line":14,"column":46}},"loc":{"start":{"line":14,"column":51},"end":{"line":14,"column":131}},"line":14},"2":{"name":"(anonymous_2)","decl":{"start":{"line":39,"column":46},"end":{"line":39,"column":47}},"loc":{"start":{"line":39,"column":52},"end":{"line":39,"column":132}},"line":39}},"branchMap":{"0":{"loc":{"start":{"line":2,"column":16},"end":{"line":2,"column":80}},"type":"binary-expr","locations":[{"start":{"line":2,"column":16},"end":{"line":2,"column":29}},{"start":{"line":2,"column":33},"end":{"line":2,"column":40}},{"start":{"line":2,"column":44},"end":{"line":2,"column":50}},{"start":{"line":2,"column":54},"end":{"line":2,"column":61}},{"start":{"line":2,"column":65},"end":{"line":2,"column":80}}],"line":2},"1":{"loc":{"start":{"line":4,"column":13},"end":{"line":4,"column":29}},"type":"binary-expr","locations":[{"start":{"line":4,"column":13},"end":{"line":4,"column":24}},{"start":{"line":4,"column":28},"end":{"line":4,"column":29}}],"line":4},"2":{"loc":{"start":{"line":5,"column":13},"end":{"line":5,"column":72}},"type":"cond-expr","locations":[{"start":{"line":5,"column":53},"end":{"line":5,"column":68}},{"start":{"line":5,"column":71},"end":{"line":5,"column":72}}],"line":5},"3":{"loc":{"start":{"line":5,"column":14},"end":{"line":5,"column":49}},"type":"binary-expr","locations":[{"start":{"line":5,"column":14},"end":{"line":5,"column":22}},{"start":{"line":5,"column":26},"end":{"line":5,"column":49}}],"line":5},"4":{"loc":{"start":{"line":12,"column":4},"end":{"line":52,"column":5}},"type":"if","locations":[{"start":{"line":12,"column":4},"end":{"line":52,"column":5}},{"start":{},"end":{}}],"line":12},"5":{"loc":{"start":{"line":12,"column":8},"end":{"line":12,"column":37}},"type":"binary-expr","locations":[{"start":{"line":12,"column":8},"end":{"line":12,"column":15}},{"start":{"line":12,"column":19},"end":{"line":12,"column":37}}],"line":12},"6":{"loc":{"start":{"line":14,"column":52},"end":{"line":14,"column":120}},"type":"binary-expr","locations":[{"start":{"line":14,"column":52},"end":{"line":14,"column":66}},{"start":{"line":14,"column":70},"end":{"line":14,"column":78}},{"start":{"line":14,"column":82},"end":{"line":14,"column":89}},{"start":{"line":14,"column":93},"end":{"line":14,"column":101}},{"start":{"line":14,"column":105},"end":{"line":14,"column":120}}],"line":14},"7":{"loc":{"start":{"line":16,"column":8},"end":{"line":51,"column":9}},"type":"if","locations":[{"start":{"line":16,"column":8},"end":{"line":51,"column":9}},{"start":{},"end":{}}],"line":16},"8":{"loc":{"start":{"line":19,"column":25},"end":{"line":19,"column":46}},"type":"binary-expr","locations":[{"start":{"line":19,"column":25},"end":{"line":19,"column":41}},{"start":{"line":19,"column":45},"end":{"line":19,"column":46}}],"line":19},"9":{"loc":{"start":{"line":20,"column":25},"end":{"line":20,"column":99}},"type":"cond-expr","locations":[{"start":{"line":20,"column":75},"end":{"line":20,"column":95}},{"start":{"line":20,"column":98},"end":{"line":20,"column":99}}],"line":20},"10":{"loc":{"start":{"line":20,"column":26},"end":{"line":20,"column":71}},"type":"binary-expr","locations":[{"start":{"line":20,"column":26},"end":{"line":20,"column":39}},{"start":{"line":20,"column":43},"end":{"line":20,"column":71}}],"line":20},"11":{"loc":{"start":{"line":23,"column":12},"end":{"line":25,"column":170}},"type":"if","locations":[{"start":{"line":23,"column":12},"end":{"line":25,"column":170}},{"start":{"line":24,"column":17},"end":{"line":25,"column":170}}],"line":23},"12":{"loc":{"start":{"line":24,"column":17},"end":{"line":25,"column":170}},"type":"if","locations":[{"start":{"line":24,"column":17},"end":{"line":25,"column":170}},{"start":{"line":25,"column":17},"end":{"line":25,"column":170}}],"line":24},"13":{"loc":{"start":{"line":28,"column":12},"end":{"line":29,"column":95}},"type":"if","locations":[{"start":{"line":28,"column":12},"end":{"line":29,"column":95}},{"start":{"line":29,"column":17},"end":{"line":29,"column":95}}],"line":28},"14":{"loc":{"start":{"line":29,"column":17},"end":{"line":29,"column":95}},"type":"if","locations":[{"start":{"line":29,"column":17},"end":{"line":29,"column":95}},{"start":{},"end":{}}],"line":29},"15":{"loc":{"start":{"line":32,"column":12},"end":{"line":33,"column":95}},"type":"if","locations":[{"start":{"line":32,"column":12},"end":{"line":33,"column":95}},{"start":{"line":33,"column":17},"end":{"line":33,"column":95}}],"line":32},"16":{"loc":{"start":{"line":33,"column":17},"end":{"line":33,"column":95}},"type":"if","locations":[{"start":{"line":33,"column":17},"end":{"line":33,"column":95}},{"start":{},"end":{}}],"line":33},"17":{"loc":{"start":{"line":35,"column":12},"end":{"line":50,"column":13}},"type":"if","locations":[{"start":{"line":35,"column":12},"end":{"line":50,"column":13}},{"start":{},"end":{}}],"line":35},"18":{"loc":{"start":{"line":35,"column":16},"end":{"line":35,"column":52}},"type":"binary-expr","locations":[{"start":{"line":35,"column":16},"end":{"line":35,"column":30}},{"start":{"line":35,"column":34},"end":{"line":35,"column":52}}],"line":35},"19":{"loc":{"start":{"line":39,"column":53},"end":{"line":39,"column":121}},"type":"binary-expr","locations":[{"start":{"line":39,"column":53},"end":{"line":39,"column":67}},{"start":{"line":39,"column":71},"end":{"line":39,"column":79}},{"start":{"line":39,"column":83},"end":{"line":39,"column":90}},{"start":{"line":39,"column":94},"end":{"line":39,"column":102}},{"start":{"line":39,"column":106},"end":{"line":39,"column":121}}],"line":39},"20":{"loc":{"start":{"line":40,"column":20},"end":{"line":41,"column":31}},"type":"if","locations":[{"start":{"line":40,"column":20},"end":{"line":41,"column":31}},{"start":{"line":41,"column":25},"end":{"line":41,"column":31}}],"line":40},"21":{"loc":{"start":{"line":43,"column":86},"end":{"line":43,"column":172}},"type":"cond-expr","locations":[{"start":{"line":43,"column":123},"end":{"line":43,"column":155}},{"start":{"line":43,"column":158},"end":{"line":43,"column":172}}],"line":43},"22":{"loc":{"start":{"line":45,"column":16},"end":{"line":49,"column":17}},"type":"if","locations":[{"start":{"line":45,"column":16},"end":{"line":49,"column":17}},{"start":{"line":47,"column":23},"end":{"line":49,"column":17}}],"line":45},"23":{"loc":{"start":{"line":47,"column":23},"end":{"line":49,"column":17}},"type":"if","locations":[{"start":{"line":47,"column":23},"end":{"line":49,"column":17}},{"start":{},"end":{}}],"line":47},"24":{"loc":{"start":{"line":57,"column":0},"end":{"line":59,"column":1}},"type":"if","locations":[{"start":{"line":57,"column":0},"end":{"line":59,"column":1}},{"start":{},"end":{}}],"line":57},"25":{"loc":{"start":{"line":57,"column":4},"end":{"line":57,"column":51}},"type":"binary-expr","locations":[{"start":{"line":57,"column":4},"end":{"line":57,"column":33}},{"start":{"line":57,"column":37},"end":{"line":57,"column":51}}],"line":57}},"s":{"0":4,"1":4,"2":4,"3":4,"4":4,"5":4,"6":4,"7":4,"8":4,"9":3,"10":3,"11":4,"12":3,"13":3,"14":3,"15":3,"16":3,"17":3,"18":3,"19":1,"20":2,"21":1,"22":1,"23":3,"24":3,"25":1,"26":2,"27":1,"28":3,"29":3,"30":1,"31":2,"32":1,"33":3,"34":1,"35":1,"36":1,"37":2,"38":2,"39":3,"40":2,"41":1,"42":1,"43":1,"44":1,"45":1,"46":1,"47":0,"48":0,"49":4,"50":1,"51":1},"f":{"0":4,"1":4,"2":3},"b":{"0":[4,4,0,0,0],"1":[4,2],"2":[2,2],"3":[4,2],"4":[3,1],"5":[4,4],"6":[4,4,0,0,0],"7":[3,0],"8":[3,1],"9":[2,1],"10":[3,2],"11":[1,2],"12":[1,1],"13":[1,2],"14":[1,1],"15":[1,2],"16":[1,1],"17":[1,2],"18":[3,1],"19":[3,3,0,0,0],"20":[1,1],"21":[0,1],"22":[1,0],"23":[0,0],"24":[1,0],"25":[1,1]},"_coverageSchema":"1a1c01bbd47fc00a2c39e90264f33305004495a9","hash":"94419c4068d8914db1505dcfbb0784c2c6745c79"}
,"/home/chuubi/Desktop/boromir-meme/trends_extension/src/popup.js": {"path":"/home/chuubi/Desktop/boromir-meme/trends_extension/src/popup.js","statementMap":{"0":{"start":{"line":3,"column":4},"end":{"line":3,"column":44}},"1":{"start":{"line":3,"column":33},"end":{"line":3,"column":44}},"2":{"start":{"line":4,"column":4},"end":{"line":10,"column":13}},"3":{"start":{"line":4,"column":43},"end":{"line":10,"column":10}},"4":{"start":{"line":13,"column":0},"end":{"line":46,"column":3}},"5":{"start":{"line":14,"column":21},"end":{"line":14,"column":59}},"6":{"start":{"line":16,"column":8},"end":{"line":16,"column":78}},"7":{"start":{"line":17,"column":8},"end":{"line":20,"column":11}},"8":{"start":{"line":18,"column":12},"end":{"line":19,"column":46}},"9":{"start":{"line":18,"column":46},"end":{"line":18,"column":72}},"10":{"start":{"line":19,"column":17},"end":{"line":19,"column":46}},"11":{"start":{"line":21,"column":8},"end":{"line":21,"column":76}},"12":{"start":{"line":23,"column":4},"end":{"line":23,"column":98}},"13":{"start":{"line":23,"column":28},"end":{"line":23,"column":96}},"14":{"start":{"line":23,"column":64},"end":{"line":23,"column":95}},"15":{"start":{"line":24,"column":4},"end":{"line":26,"column":7}},"16":{"start":{"line":25,"column":8},"end":{"line":25,"column":53}},"17":{"start":{"line":28,"column":19},"end":{"line":28,"column":59}},"18":{"start":{"line":31,"column":21},"end":{"line":31,"column":80}},"19":{"start":{"line":32,"column":4},"end":{"line":35,"column":5}},"20":{"start":{"line":33,"column":8},"end":{"line":33,"column":43}},"21":{"start":{"line":34,"column":8},"end":{"line":34,"column":94}},"22":{"start":{"line":38,"column":4},"end":{"line":45,"column":7}},"23":{"start":{"line":39,"column":26},"end":{"line":39,"column":42}},"24":{"start":{"line":40,"column":8},"end":{"line":40,"column":86}},"25":{"start":{"line":41,"column":8},"end":{"line":44,"column":11}},"26":{"start":{"line":48,"column":24},"end":{"line":48,"column":25}},"27":{"start":{"line":49,"column":23},"end":{"line":49,"column":24}},"28":{"start":{"line":51,"column":20},"end":{"line":51,"column":54}},"29":{"start":{"line":52,"column":20},"end":{"line":52,"column":54}},"30":{"start":{"line":53,"column":27},"end":{"line":53,"column":68}},"31":{"start":{"line":54,"column":22},"end":{"line":54,"column":58}},"32":{"start":{"line":55,"column":25},"end":{"line":55,"column":64}},"33":{"start":{"line":57,"column":4},"end":{"line":63,"column":7}},"34":{"start":{"line":58,"column":8},"end":{"line":62,"column":9}},"35":{"start":{"line":59,"column":12},"end":{"line":59,"column":50}},"36":{"start":{"line":61,"column":12},"end":{"line":61,"column":53}},"37":{"start":{"line":65,"column":4},"end":{"line":85,"column":7}},"38":{"start":{"line":66,"column":22},"end":{"line":66,"column":41}},"39":{"start":{"line":67,"column":25},"end":{"line":67,"column":28}},"40":{"start":{"line":68,"column":26},"end":{"line":68,"column":43}},"41":{"start":{"line":71,"column":32},"end":{"line":71,"column":55}},"42":{"start":{"line":72,"column":29},"end":{"line":72,"column":64}},"43":{"start":{"line":75,"column":33},"end":{"line":75,"column":62}},"44":{"start":{"line":77,"column":12},"end":{"line":77,"column":61}},"45":{"start":{"line":79,"column":12},"end":{"line":81,"column":13}},"46":{"start":{"line":80,"column":16},"end":{"line":80,"column":53}},"47":{"start":{"line":84,"column":8},"end":{"line":84,"column":45}},"48":{"start":{"line":89,"column":8},"end":{"line":89,"column":61}},"49":{"start":{"line":90,"column":8},"end":{"line":90,"column":46}},"50":{"start":{"line":94,"column":8},"end":{"line":96,"column":9}},"51":{"start":{"line":95,"column":12},"end":{"line":95,"column":64}},"52":{"start":{"line":99,"column":20},"end":{"line":99,"column":102}},"53":{"start":{"line":100,"column":8},"end":{"line":103,"column":9}},"54":{"start":{"line":101,"column":12},"end":{"line":101,"column":78}},"55":{"start":{"line":102,"column":12},"end":{"line":102,"column":19}},"56":{"start":{"line":104,"column":8},"end":{"line":104,"column":33}},"57":{"start":{"line":105,"column":8},"end":{"line":111,"column":9}},"58":{"start":{"line":106,"column":12},"end":{"line":106,"column":51}},"59":{"start":{"line":107,"column":12},"end":{"line":107,"column":55}},"60":{"start":{"line":108,"column":12},"end":{"line":108,"column":36}},"61":{"start":{"line":109,"column":12},"end":{"line":109,"column":36}},"62":{"start":{"line":110,"column":12},"end":{"line":110,"column":19}},"63":{"start":{"line":113,"column":8},"end":{"line":113,"column":31}},"64":{"start":{"line":114,"column":8},"end":{"line":114,"column":27}},"65":{"start":{"line":119,"column":18},"end":{"line":119,"column":68}},"66":{"start":{"line":120,"column":8},"end":{"line":120,"column":133}},"67":{"start":{"line":122,"column":8},"end":{"line":226,"column":9}},"68":{"start":{"line":123,"column":25},"end":{"line":123,"column":56}},"69":{"start":{"line":126,"column":31},"end":{"line":126,"column":60}},"70":{"start":{"line":128,"column":12},"end":{"line":213,"column":13}},"71":{"start":{"line":129,"column":16},"end":{"line":129,"column":168}},"72":{"start":{"line":131,"column":30},"end":{"line":131,"column":32}},"73":{"start":{"line":132,"column":12},"end":{"line":137,"column":13}},"74":{"start":{"line":133,"column":16},"end":{"line":136,"column":35}},"75":{"start":{"line":134,"column":20},"end":{"line":135,"column":45}},"76":{"start":{"line":134,"column":26},"end":{"line":134,"column":101}},"77":{"start":{"line":135,"column":31},"end":{"line":135,"column":43}},"78":{"start":{"line":139,"column":12},"end":{"line":212,"column":19}},"79":{"start":{"line":140,"column":32},"end":{"line":140,"column":96}},"80":{"start":{"line":141,"column":31},"end":{"line":141,"column":74}},"81":{"start":{"line":142,"column":30},"end":{"line":142,"column":59}},"82":{"start":{"line":144,"column":31},"end":{"line":144,"column":36}},"83":{"start":{"line":145,"column":29},"end":{"line":145,"column":45}},"84":{"start":{"line":146,"column":29},"end":{"line":146,"column":88}},"85":{"start":{"line":148,"column":33},"end":{"line":148,"column":87}},"86":{"start":{"line":149,"column":82},"end":{"line":149,"column":88}},"87":{"start":{"line":151,"column":31},"end":{"line":151,"column":43}},"88":{"start":{"line":152,"column":20},"end":{"line":154,"column":21}},"89":{"start":{"line":153,"column":24},"end":{"line":153,"column":57}},"90":{"start":{"line":156,"column":33},"end":{"line":156,"column":62}},"91":{"start":{"line":157,"column":20},"end":{"line":157,"column":52}},"92":{"start":{"line":158,"column":20},"end":{"line":158,"column":100}},"93":{"start":{"line":159,"column":20},"end":{"line":159,"column":52}},"94":{"start":{"line":160,"column":20},"end":{"line":160,"column":48}},"95":{"start":{"line":161,"column":20},"end":{"line":161,"column":53}},"96":{"start":{"line":162,"column":20},"end":{"line":162,"column":48}},"97":{"start":{"line":163,"column":20},"end":{"line":163,"column":56}},"98":{"start":{"line":164,"column":20},"end":{"line":164,"column":43}},"99":{"start":{"line":166,"column":33},"end":{"line":166,"column":62}},"100":{"start":{"line":167,"column":20},"end":{"line":167,"column":50}},"101":{"start":{"line":168,"column":20},"end":{"line":168,"column":66}},"102":{"start":{"line":169,"column":20},"end":{"line":169,"column":59}},"103":{"start":{"line":170,"column":20},"end":{"line":174,"column":48}},"104":{"start":{"line":175,"column":20},"end":{"line":175,"column":45}},"105":{"start":{"line":177,"column":33},"end":{"line":177,"column":62}},"106":{"start":{"line":178,"column":20},"end":{"line":178,"column":76}},"107":{"start":{"line":179,"column":20},"end":{"line":179,"column":49}},"108":{"start":{"line":180,"column":20},"end":{"line":180,"column":44}},"109":{"start":{"line":181,"column":20},"end":{"line":181,"column":45}},"110":{"start":{"line":183,"column":31},"end":{"line":183,"column":60}},"111":{"start":{"line":184,"column":20},"end":{"line":184,"column":48}},"112":{"start":{"line":185,"column":20},"end":{"line":185,"column":61}},"113":{"start":{"line":186,"column":20},"end":{"line":186,"column":53}},"114":{"start":{"line":187,"column":20},"end":{"line":187,"column":49}},"115":{"start":{"line":188,"column":20},"end":{"line":188,"column":44}},"116":{"start":{"line":189,"column":20},"end":{"line":189,"column":49}},"117":{"start":{"line":190,"column":20},"end":{"line":190,"column":74}},"118":{"start":{"line":191,"column":20},"end":{"line":191,"column":47}},"119":{"start":{"line":192,"column":20},"end":{"line":192,"column":282}},"120":{"start":{"line":194,"column":20},"end":{"line":208,"column":21}},"121":{"start":{"line":195,"column":38},"end":{"line":195,"column":70}},"122":{"start":{"line":196,"column":24},"end":{"line":196,"column":59}},"123":{"start":{"line":197,"column":24},"end":{"line":197,"column":58}},"124":{"start":{"line":198,"column":24},"end":{"line":198,"column":54}},"125":{"start":{"line":199,"column":24},"end":{"line":199,"column":56}},"126":{"start":{"line":200,"column":24},"end":{"line":200,"column":57}},"127":{"start":{"line":201,"column":24},"end":{"line":201,"column":52}},"128":{"start":{"line":202,"column":24},"end":{"line":202,"column":67}},"129":{"start":{"line":203,"column":24},"end":{"line":203,"column":81}},"130":{"start":{"line":204,"column":24},"end":{"line":206,"column":26}},"131":{"start":{"line":205,"column":28},"end":{"line":205,"column":92}},"132":{"start":{"line":207,"column":24},"end":{"line":207,"column":50}},"133":{"start":{"line":210,"column":20},"end":{"line":210,"column":43}},"134":{"start":{"line":211,"column":20},"end":{"line":211,"column":49}},"135":{"start":{"line":215,"column":12},"end":{"line":215,"column":37}},"136":{"start":{"line":216,"column":12},"end":{"line":216,"column":46}},"137":{"start":{"line":218,"column":12},"end":{"line":223,"column":13}},"138":{"start":{"line":219,"column":16},"end":{"line":219,"column":57}},"139":{"start":{"line":220,"column":16},"end":{"line":220,"column":48}},"140":{"start":{"line":221,"column":16},"end":{"line":221,"column":54}},"141":{"start":{"line":222,"column":16},"end":{"line":222,"column":58}},"142":{"start":{"line":225,"column":12},"end":{"line":225,"column":190}},"143":{"start":{"line":229,"column":4},"end":{"line":232,"column":7}},"144":{"start":{"line":230,"column":8},"end":{"line":230,"column":75}},"145":{"start":{"line":230,"column":68},"end":{"line":230,"column":75}},"146":{"start":{"line":231,"column":8},"end":{"line":231,"column":44}},"147":{"start":{"line":233,"column":4},"end":{"line":236,"column":7}},"148":{"start":{"line":234,"column":8},"end":{"line":234,"column":60}},"149":{"start":{"line":234,"column":53},"end":{"line":234,"column":60}},"150":{"start":{"line":235,"column":8},"end":{"line":235,"column":44}},"151":{"start":{"line":238,"column":4},"end":{"line":238,"column":25}},"152":{"start":{"line":241,"column":23},"end":{"line":241,"column":27}},"153":{"start":{"line":242,"column":17},"end":{"line":242,"column":22}},"154":{"start":{"line":243,"column":21},"end":{"line":243,"column":26}},"155":{"start":{"line":246,"column":20},"end":{"line":246,"column":57}},"156":{"start":{"line":247,"column":4},"end":{"line":247,"column":25}},"157":{"start":{"line":247,"column":18},"end":{"line":247,"column":25}},"158":{"start":{"line":249,"column":4},"end":{"line":252,"column":5}},"159":{"start":{"line":250,"column":8},"end":{"line":250,"column":63}},"160":{"start":{"line":251,"column":8},"end":{"line":251,"column":15}},"161":{"start":{"line":253,"column":4},"end":{"line":273,"column":5}},"162":{"start":{"line":254,"column":23},"end":{"line":254,"column":32}},"163":{"start":{"line":255,"column":8},"end":{"line":269,"column":9}},"164":{"start":{"line":256,"column":27},"end":{"line":256,"column":59}},"165":{"start":{"line":257,"column":12},"end":{"line":268,"column":13}},"166":{"start":{"line":258,"column":34},"end":{"line":258,"column":87}},"167":{"start":{"line":259,"column":16},"end":{"line":259,"column":45}},"168":{"start":{"line":260,"column":16},"end":{"line":265,"column":17}},"169":{"start":{"line":261,"column":20},"end":{"line":261,"column":72}},"170":{"start":{"line":262,"column":20},"end":{"line":264,"column":21}},"171":{"start":{"line":263,"column":24},"end":{"line":263,"column":97}},"172":{"start":{"line":267,"column":16},"end":{"line":267,"column":42}},"173":{"start":{"line":270,"column":8},"end":{"line":270,"column":188}},"174":{"start":{"line":272,"column":8},"end":{"line":272,"column":180}},"175":{"start":{"line":276,"column":0},"end":{"line":283,"column":3}},"176":{"start":{"line":277,"column":4},"end":{"line":282,"column":5}},"177":{"start":{"line":278,"column":8},"end":{"line":278,"column":44}},"178":{"start":{"line":279,"column":8},"end":{"line":279,"column":36}},"179":{"start":{"line":280,"column":8},"end":{"line":280,"column":41}},"180":{"start":{"line":281,"column":8},"end":{"line":281,"column":23}},"181":{"start":{"line":285,"column":0},"end":{"line":289,"column":9}},"182":{"start":{"line":286,"column":4},"end":{"line":288,"column":5}},"183":{"start":{"line":287,"column":8},"end":{"line":287,"column":23}},"184":{"start":{"line":291,"column":0},"end":{"line":324,"column":3}},"185":{"start":{"line":293,"column":4},"end":{"line":298,"column":9}},"186":{"start":{"line":294,"column":12},"end":{"line":294,"column":34}},"187":{"start":{"line":295,"column":12},"end":{"line":295,"column":44}},"188":{"start":{"line":296,"column":12},"end":{"line":296,"column":49}},"189":{"start":{"line":297,"column":12},"end":{"line":297,"column":27}},"190":{"start":{"line":299,"column":8},"end":{"line":323,"column":5}},"191":{"start":{"line":300,"column":8},"end":{"line":303,"column":9}},"192":{"start":{"line":301,"column":12},"end":{"line":301,"column":32}},"193":{"start":{"line":302,"column":12},"end":{"line":302,"column":19}},"194":{"start":{"line":304,"column":8},"end":{"line":304,"column":24}},"195":{"start":{"line":305,"column":8},"end":{"line":305,"column":23}},"196":{"start":{"line":308,"column":27},"end":{"line":308,"column":62}},"197":{"start":{"line":309,"column":8},"end":{"line":311,"column":9}},"198":{"start":{"line":310,"column":12},"end":{"line":310,"column":101}},"199":{"start":{"line":312,"column":8},"end":{"line":312,"column":27}},"200":{"start":{"line":319,"column":8},"end":{"line":319,"column":49}},"201":{"start":{"line":320,"column":8},"end":{"line":320,"column":40}},"202":{"start":{"line":321,"column":8},"end":{"line":321,"column":46}},"203":{"start":{"line":322,"column":8},"end":{"line":322,"column":50}}},"fnMap":{"0":{"name":"escapeHTML","decl":{"start":{"line":2,"column":9},"end":{"line":2,"column":19}},"loc":{"start":{"line":2,"column":25},"end":{"line":11,"column":1}},"line":2},"1":{"name":"(anonymous_1)","decl":{"start":{"line":4,"column":35},"end":{"line":4,"column":36}},"loc":{"start":{"line":4,"column":43},"end":{"line":10,"column":10}},"line":4},"2":{"name":"(anonymous_2)","decl":{"start":{"line":13,"column":46},"end":{"line":13,"column":47}},"loc":{"start":{"line":13,"column":58},"end":{"line":46,"column":1}},"line":13},"3":{"name":"applyFontSize","decl":{"start":{"line":15,"column":19},"end":{"line":15,"column":32}},"loc":{"start":{"line":15,"column":45},"end":{"line":22,"column":5}},"line":15},"4":{"name":"(anonymous_4)","decl":{"start":{"line":17,"column":25},"end":{"line":17,"column":26}},"loc":{"start":{"line":17,"column":30},"end":{"line":20,"column":9}},"line":17},"5":{"name":"(anonymous_5)","decl":{"start":{"line":23,"column":21},"end":{"line":23,"column":22}},"loc":{"start":{"line":23,"column":28},"end":{"line":23,"column":96}},"line":23},"6":{"name":"(anonymous_6)","decl":{"start":{"line":23,"column":58},"end":{"line":23,"column":59}},"loc":{"start":{"line":23,"column":64},"end":{"line":23,"column":95}},"line":23},"7":{"name":"(anonymous_7)","decl":{"start":{"line":24,"column":59},"end":{"line":24,"column":60}},"loc":{"start":{"line":24,"column":66},"end":{"line":26,"column":5}},"line":24},"8":{"name":"(anonymous_8)","decl":{"start":{"line":38,"column":38},"end":{"line":38,"column":39}},"loc":{"start":{"line":38,"column":51},"end":{"line":45,"column":5}},"line":38},"9":{"name":"(anonymous_9)","decl":{"start":{"line":57,"column":41},"end":{"line":57,"column":42}},"loc":{"start":{"line":57,"column":47},"end":{"line":63,"column":5}},"line":57},"10":{"name":"(anonymous_10)","decl":{"start":{"line":65,"column":43},"end":{"line":65,"column":44}},"loc":{"start":{"line":65,"column":49},"end":{"line":85,"column":5}},"line":65},"11":{"name":"animateScroll","decl":{"start":{"line":70,"column":17},"end":{"line":70,"column":30}},"loc":{"start":{"line":70,"column":44},"end":{"line":82,"column":9}},"line":70},"12":{"name":"updateNavButtons","decl":{"start":{"line":88,"column":13},"end":{"line":88,"column":29}},"loc":{"start":{"line":88,"column":32},"end":{"line":91,"column":5}},"line":88},"13":{"name":"loadMoment","decl":{"start":{"line":93,"column":19},"end":{"line":93,"column":29}},"loc":{"start":{"line":93,"column":63},"end":{"line":227,"column":5}},"line":93},"14":{"name":"(anonymous_14)","decl":{"start":{"line":133,"column":42},"end":{"line":133,"column":43}},"loc":{"start":{"line":133,"column":47},"end":{"line":136,"column":17}},"line":133},"15":{"name":"(anonymous_15)","decl":{"start":{"line":139,"column":27},"end":{"line":139,"column":28}},"loc":{"start":{"line":139,"column":37},"end":{"line":212,"column":17}},"line":139},"16":{"name":"(anonymous_16)","decl":{"start":{"line":204,"column":42},"end":{"line":204,"column":43}},"loc":{"start":{"line":204,"column":48},"end":{"line":206,"column":25}},"line":204},"17":{"name":"(anonymous_17)","decl":{"start":{"line":229,"column":38},"end":{"line":229,"column":39}},"loc":{"start":{"line":229,"column":44},"end":{"line":232,"column":5}},"line":229},"18":{"name":"(anonymous_18)","decl":{"start":{"line":233,"column":38},"end":{"line":233,"column":39}},"loc":{"start":{"line":233,"column":44},"end":{"line":236,"column":5}},"line":233},"19":{"name":"updateAuthUI","decl":{"start":{"line":245,"column":9},"end":{"line":245,"column":21}},"loc":{"start":{"line":245,"column":24},"end":{"line":274,"column":1}},"line":245},"20":{"name":"(anonymous_20)","decl":{"start":{"line":276,"column":65},"end":{"line":276,"column":66}},"loc":{"start":{"line":276,"column":74},"end":{"line":283,"column":1}},"line":276},"21":{"name":"(anonymous_21)","decl":{"start":{"line":285,"column":12},"end":{"line":285,"column":13}},"loc":{"start":{"line":285,"column":18},"end":{"line":289,"column":1}},"line":285},"22":{"name":"(anonymous_22)","decl":{"start":{"line":291,"column":38},"end":{"line":291,"column":39}},"loc":{"start":{"line":291,"column":51},"end":{"line":324,"column":1}},"line":291}},"branchMap":{"0":{"loc":{"start":{"line":3,"column":4},"end":{"line":3,"column":44}},"type":"if","locations":[{"start":{"line":3,"column":4},"end":{"line":3,"column":44}},{"start":{},"end":{}}],"line":3},"1":{"loc":{"start":{"line":18,"column":12},"end":{"line":19,"column":46}},"type":"if","locations":[{"start":{"line":18,"column":12},"end":{"line":19,"column":46}},{"start":{"line":19,"column":17},"end":{"line":19,"column":46}}],"line":18},"2":{"loc":{"start":{"line":25,"column":22},"end":{"line":25,"column":51}},"type":"binary-expr","locations":[{"start":{"line":25,"column":22},"end":{"line":25,"column":44}},{"start":{"line":25,"column":48},"end":{"line":25,"column":51}}],"line":25},"3":{"loc":{"start":{"line":32,"column":4},"end":{"line":35,"column":5}},"type":"if","locations":[{"start":{"line":32,"column":4},"end":{"line":35,"column":5}},{"start":{},"end":{}}],"line":32},"4":{"loc":{"start":{"line":34,"column":37},"end":{"line":34,"column":93}},"type":"cond-expr","locations":[{"start":{"line":34,"column":57},"end":{"line":34,"column":74}},{"start":{"line":34,"column":77},"end":{"line":34,"column":93}}],"line":34},"5":{"loc":{"start":{"line":40,"column":37},"end":{"line":40,"column":85}},"type":"cond-expr","locations":[{"start":{"line":40,"column":49},"end":{"line":40,"column":66}},{"start":{"line":40,"column":69},"end":{"line":40,"column":85}}],"line":40},"6":{"loc":{"start":{"line":58,"column":8},"end":{"line":62,"column":9}},"type":"if","locations":[{"start":{"line":58,"column":8},"end":{"line":62,"column":9}},{"start":{"line":60,"column":15},"end":{"line":62,"column":9}}],"line":58},"7":{"loc":{"start":{"line":79,"column":12},"end":{"line":81,"column":13}},"type":"if","locations":[{"start":{"line":79,"column":12},"end":{"line":81,"column":13}},{"start":{},"end":{}}],"line":79},"8":{"loc":{"start":{"line":93,"column":38},"end":{"line":93,"column":61}},"type":"default-arg","locations":[{"start":{"line":93,"column":56},"end":{"line":93,"column":61}}],"line":93},"9":{"loc":{"start":{"line":94,"column":8},"end":{"line":96,"column":9}},"type":"if","locations":[{"start":{"line":94,"column":8},"end":{"line":96,"column":9}},{"start":{},"end":{}}],"line":94},"10":{"loc":{"start":{"line":100,"column":8},"end":{"line":103,"column":9}},"type":"if","locations":[{"start":{"line":100,"column":8},"end":{"line":103,"column":9}},{"start":{},"end":{}}],"line":100},"11":{"loc":{"start":{"line":100,"column":12},"end":{"line":100,"column":29}},"type":"binary-expr","locations":[{"start":{"line":100,"column":12},"end":{"line":100,"column":16}},{"start":{"line":100,"column":20},"end":{"line":100,"column":29}}],"line":100},"12":{"loc":{"start":{"line":105,"column":8},"end":{"line":111,"column":9}},"type":"if","locations":[{"start":{"line":105,"column":8},"end":{"line":111,"column":9}},{"start":{},"end":{}}],"line":105},"13":{"loc":{"start":{"line":128,"column":12},"end":{"line":213,"column":13}},"type":"if","locations":[{"start":{"line":128,"column":12},"end":{"line":213,"column":13}},{"start":{"line":130,"column":19},"end":{"line":213,"column":13}}],"line":128},"14":{"loc":{"start":{"line":132,"column":12},"end":{"line":137,"column":13}},"type":"if","locations":[{"start":{"line":132,"column":12},"end":{"line":137,"column":13}},{"start":{},"end":{}}],"line":132},"15":{"loc":{"start":{"line":140,"column":32},"end":{"line":140,"column":96}},"type":"binary-expr","locations":[{"start":{"line":140,"column":32},"end":{"line":140,"column":45}},{"start":{"line":140,"column":49},"end":{"line":140,"column":56}},{"start":{"line":140,"column":60},"end":{"line":140,"column":66}},{"start":{"line":140,"column":70},"end":{"line":140,"column":77}},{"start":{"line":140,"column":81},"end":{"line":140,"column":96}}],"line":140},"16":{"loc":{"start":{"line":141,"column":31},"end":{"line":141,"column":74}},"type":"binary-expr","locations":[{"start":{"line":141,"column":31},"end":{"line":141,"column":44}},{"start":{"line":141,"column":48},"end":{"line":141,"column":74}}],"line":141},"17":{"loc":{"start":{"line":142,"column":30},"end":{"line":142,"column":59}},"type":"binary-expr","locations":[{"start":{"line":142,"column":30},"end":{"line":142,"column":40}},{"start":{"line":142,"column":44},"end":{"line":142,"column":59}}],"line":142},"18":{"loc":{"start":{"line":145,"column":29},"end":{"line":145,"column":45}},"type":"binary-expr","locations":[{"start":{"line":145,"column":29},"end":{"line":145,"column":40}},{"start":{"line":145,"column":44},"end":{"line":145,"column":45}}],"line":145},"19":{"loc":{"start":{"line":146,"column":29},"end":{"line":146,"column":88}},"type":"cond-expr","locations":[{"start":{"line":146,"column":69},"end":{"line":146,"column":84}},{"start":{"line":146,"column":87},"end":{"line":146,"column":88}}],"line":146},"20":{"loc":{"start":{"line":146,"column":30},"end":{"line":146,"column":65}},"type":"binary-expr","locations":[{"start":{"line":146,"column":30},"end":{"line":146,"column":38}},{"start":{"line":146,"column":42},"end":{"line":146,"column":65}}],"line":146},"21":{"loc":{"start":{"line":151,"column":31},"end":{"line":151,"column":43}},"type":"binary-expr","locations":[{"start":{"line":151,"column":31},"end":{"line":151,"column":37}},{"start":{"line":151,"column":41},"end":{"line":151,"column":43}}],"line":151},"22":{"loc":{"start":{"line":152,"column":20},"end":{"line":154,"column":21}},"type":"if","locations":[{"start":{"line":152,"column":20},"end":{"line":154,"column":21}},{"start":{},"end":{}}],"line":152},"23":{"loc":{"start":{"line":152,"column":24},"end":{"line":152,"column":52}},"type":"binary-expr","locations":[{"start":{"line":152,"column":24},"end":{"line":152,"column":28}},{"start":{"line":152,"column":32},"end":{"line":152,"column":52}}],"line":152},"24":{"loc":{"start":{"line":194,"column":20},"end":{"line":208,"column":21}},"type":"if","locations":[{"start":{"line":194,"column":20},"end":{"line":208,"column":21}},{"start":{},"end":{}}],"line":194},"25":{"loc":{"start":{"line":218,"column":12},"end":{"line":223,"column":13}},"type":"if","locations":[{"start":{"line":218,"column":12},"end":{"line":223,"column":13}},{"start":{},"end":{}}],"line":218},"26":{"loc":{"start":{"line":230,"column":8},"end":{"line":230,"column":75}},"type":"if","locations":[{"start":{"line":230,"column":8},"end":{"line":230,"column":75}},{"start":{},"end":{}}],"line":230},"27":{"loc":{"start":{"line":230,"column":12},"end":{"line":230,"column":66}},"type":"binary-expr","locations":[{"start":{"line":230,"column":12},"end":{"line":230,"column":29}},{"start":{"line":230,"column":33},"end":{"line":230,"column":66}}],"line":230},"28":{"loc":{"start":{"line":234,"column":8},"end":{"line":234,"column":60}},"type":"if","locations":[{"start":{"line":234,"column":8},"end":{"line":234,"column":60}},{"start":{},"end":{}}],"line":234},"29":{"loc":{"start":{"line":234,"column":12},"end":{"line":234,"column":51}},"type":"binary-expr","locations":[{"start":{"line":234,"column":12},"end":{"line":234,"column":29}},{"start":{"line":234,"column":33},"end":{"line":234,"column":51}}],"line":234},"30":{"loc":{"start":{"line":247,"column":4},"end":{"line":247,"column":25}},"type":"if","locations":[{"start":{"line":247,"column":4},"end":{"line":247,"column":25}},{"start":{},"end":{}}],"line":247},"31":{"loc":{"start":{"line":249,"column":4},"end":{"line":252,"column":5}},"type":"if","locations":[{"start":{"line":249,"column":4},"end":{"line":252,"column":5}},{"start":{},"end":{}}],"line":249},"32":{"loc":{"start":{"line":253,"column":4},"end":{"line":273,"column":5}},"type":"if","locations":[{"start":{"line":253,"column":4},"end":{"line":273,"column":5}},{"start":{"line":271,"column":11},"end":{"line":273,"column":5}}],"line":253},"33":{"loc":{"start":{"line":253,"column":8},"end":{"line":253,"column":38}},"type":"binary-expr","locations":[{"start":{"line":253,"column":8},"end":{"line":253,"column":18}},{"start":{"line":253,"column":22},"end":{"line":253,"column":38}}],"line":253},"34":{"loc":{"start":{"line":255,"column":8},"end":{"line":269,"column":9}},"type":"if","locations":[{"start":{"line":255,"column":8},"end":{"line":269,"column":9}},{"start":{},"end":{}}],"line":255},"35":{"loc":{"start":{"line":257,"column":12},"end":{"line":268,"column":13}},"type":"if","locations":[{"start":{"line":257,"column":12},"end":{"line":268,"column":13}},{"start":{"line":266,"column":19},"end":{"line":268,"column":13}}],"line":257},"36":{"loc":{"start":{"line":260,"column":16},"end":{"line":265,"column":17}},"type":"if","locations":[{"start":{"line":260,"column":16},"end":{"line":265,"column":17}},{"start":{},"end":{}}],"line":260},"37":{"loc":{"start":{"line":262,"column":20},"end":{"line":264,"column":21}},"type":"if","locations":[{"start":{"line":262,"column":20},"end":{"line":264,"column":21}},{"start":{},"end":{}}],"line":262},"38":{"loc":{"start":{"line":277,"column":4},"end":{"line":282,"column":5}},"type":"if","locations":[{"start":{"line":277,"column":4},"end":{"line":282,"column":5}},{"start":{},"end":{}}],"line":277},"39":{"loc":{"start":{"line":286,"column":4},"end":{"line":288,"column":5}},"type":"if","locations":[{"start":{"line":286,"column":4},"end":{"line":288,"column":5}},{"start":{},"end":{}}],"line":286},"40":{"loc":{"start":{"line":286,"column":8},"end":{"line":286,"column":56}},"type":"binary-expr","locations":[{"start":{"line":286,"column":8},"end":{"line":286,"column":22}},{"start":{"line":286,"column":26},"end":{"line":286,"column":36}},{"start":{"line":286,"column":40},"end":{"line":286,"column":56}}],"line":286},"41":{"loc":{"start":{"line":293,"column":4},"end":{"line":298,"column":9}},"type":"if","locations":[{"start":{"line":293,"column":4},"end":{"line":298,"column":9}},{"start":{},"end":{}}],"line":293},"42":{"loc":{"start":{"line":299,"column":8},"end":{"line":323,"column":5}},"type":"if","locations":[{"start":{"line":299,"column":8},"end":{"line":323,"column":5}},{"start":{},"end":{}}],"line":299},"43":{"loc":{"start":{"line":300,"column":8},"end":{"line":303,"column":9}},"type":"if","locations":[{"start":{"line":300,"column":8},"end":{"line":303,"column":9}},{"start":{},"end":{}}],"line":300},"44":{"loc":{"start":{"line":309,"column":8},"end":{"line":311,"column":9}},"type":"if","locations":[{"start":{"line":309,"column":8},"end":{"line":311,"column":9}},{"start":{},"end":{}}],"line":309}},"s":{"0":4,"1":0,"2":4,"3":0,"4":8,"5":36,"6":38,"7":38,"8":114,"9":38,"10":76,"11":38,"12":36,"13":108,"14":2,"15":36,"16":36,"17":36,"18":36,"19":36,"20":36,"21":36,"22":36,"23":3,"24":3,"25":3,"26":8,"27":8,"28":8,"29":8,"30":8,"31":8,"32":8,"33":8,"34":0,"35":0,"36":0,"37":8,"38":0,"39":0,"40":0,"41":0,"42":0,"43":0,"44":0,"45":0,"46":0,"47":0,"48":6,"49":6,"50":11,"51":8,"52":11,"53":11,"54":0,"55":0,"56":11,"57":11,"58":5,"59":5,"60":5,"61":5,"62":5,"63":6,"64":6,"65":6,"66":6,"67":6,"68":6,"69":6,"70":6,"71":0,"72":6,"73":6,"74":6,"75":0,"76":0,"77":0,"78":6,"79":2,"80":2,"81":2,"82":2,"83":2,"84":2,"85":2,"86":2,"87":2,"88":2,"89":2,"90":2,"91":2,"92":2,"93":2,"94":2,"95":2,"96":2,"97":2,"98":2,"99":2,"100":2,"101":2,"102":2,"103":2,"104":2,"105":2,"106":2,"107":2,"108":2,"109":2,"110":2,"111":2,"112":2,"113":2,"114":2,"115":2,"116":2,"117":2,"118":2,"119":2,"120":2,"121":2,"122":2,"123":2,"124":2,"125":2,"126":2,"127":2,"128":2,"129":2,"130":2,"131":1,"132":2,"133":2,"134":2,"135":6,"136":6,"137":6,"138":3,"139":3,"140":3,"141":3,"142":0,"143":8,"144":1,"145":0,"146":1,"147":8,"148":1,"149":0,"150":1,"151":8,"152":8,"153":8,"154":8,"155":9,"156":9,"157":0,"158":9,"159":8,"160":8,"161":1,"162":1,"163":1,"164":1,"165":1,"166":1,"167":1,"168":1,"169":1,"170":1,"171":0,"172":0,"173":1,"174":0,"175":8,"176":8,"177":8,"178":8,"179":8,"180":8,"181":8,"182":0,"183":0,"184":8,"185":2,"186":1,"187":1,"188":1,"189":1,"190":2,"191":1,"192":1,"193":1,"194":0,"195":0,"196":0,"197":0,"198":0,"199":0,"200":0,"201":0,"202":0,"203":0},"f":{"0":4,"1":0,"2":36,"3":38,"4":114,"5":108,"6":2,"7":36,"8":3,"9":0,"10":0,"11":0,"12":6,"13":11,"14":0,"15":2,"16":1,"17":1,"18":1,"19":9,"20":8,"21":0,"22":2},"b":{"0":[0,4],"1":[38,76],"2":[36,0],"3":[36,0],"4":[36,0],"5":[0,3],"6":[0,0],"7":[0,0],"8":[0],"9":[8,3],"10":[0,11],"11":[11,11],"12":[5,6],"13":[0,6],"14":[6,0],"15":[2,2,0,0,0],"16":[2,1],"17":[2,1],"18":[2,1],"19":[0,2],"20":[2,0],"21":[2,0],"22":[2,0],"23":[2,2],"24":[2,0],"25":[3,3],"26":[0,1],"27":[1,1],"28":[0,1],"29":[1,1],"30":[0,9],"31":[8,1],"32":[1,0],"33":[1,1],"34":[1,0],"35":[1,0],"36":[1,0],"37":[0,1],"38":[8,0],"39":[0,0],"40":[0,0,0],"41":[1,1],"42":[1,1],"43":[1,0],"44":[0,0]},"_coverageSchema":"1a1c01bbd47fc00a2c39e90264f33305004495a9","hash":"b383fabe6719c820187191d70a9780383b919a77"}
,"/home/chuubi/Desktop/boromir-meme/trends_extension/src/schemas.js": {"path":"/home/chuubi/Desktop/boromir-meme/trends_extension/src/schemas.js","statementMap":{"0":{"start":{"line":1,"column":14},"end":{"line":1,"column":28}},"1":{"start":{"line":3,"column":20},"end":{"line":8,"column":16}},"2":{"start":{"line":10,"column":28},"end":{"line":18,"column":16}},"3":{"start":{"line":20,"column":27},"end":{"line":20,"column":55}},"4":{"start":{"line":22,"column":26},"end":{"line":28,"column":2}},"5":{"start":{"line":30,"column":0},"end":{"line":35,"column":2}}},"fnMap":{},"branchMap":{},"s":{"0":10,"1":10,"2":10,"3":10,"4":10,"5":10},"f":{},"b":{},"_coverageSchema":"1a1c01bbd47fc00a2c39e90264f33305004495a9","hash":"2f8a70bb6accc4114577ea833dde26815e1c24fd"}
}
