TN:
SF:src/background.src.js
FN:14,(anonymous_0)
FN:27,getDatabaseSizeStr
FN:52,updateIcon
FN:104,incrementAndSaveCount
FN:134,getBestBskyTab
FN:137,(anonymous_5)
FN:141,triggerFlutter
FN:181,stopMonitor
FN:192,autoDisable
FN:201,sha1
FN:203,(anonymous_10)
FN:206,startMonitor
FN:233,(anonymous_12)
FN:235,(anonymous_13)
FN:245,(anonymous_14)
FN:253,initDatabase
FN:309,(anonymous_16)
FN:342,(anonymous_17)
FN:350,(anonymous_18)
FN:358,(anonymous_19)
FN:363,(anonymous_20)
FN:404,(anonymous_21)
FN:437,(anonymous_22)
FN:452,(anonymous_23)
FN:453,(anonymous_24)
FN:485,(anonymous_25)
FN:495,(anonymous_26)
FNF:27
FNH:13
FNDA:9,(anonymous_0)
FNDA:0,getDatabaseSizeStr
FNDA:14,updateIcon
FNDA:0,incrementAndSaveCount
FNDA:4,getBestBskyTab
FNDA:0,(anonymous_5)
FNDA:4,triggerFlutter
FNDA:4,stopMonitor
FNDA:0,autoDisable
FNDA:1,sha1
FNDA:0,(anonymous_10)
FNDA:4,startMonitor
FNDA:0,(anonymous_12)
FNDA:0,(anonymous_13)
FNDA:0,(anonymous_14)
FNDA:9,initDatabase
FNDA:2,(anonymous_16)
FNDA:0,(anonymous_17)
FNDA:1,(anonymous_18)
FNDA:1,(anonymous_19)
FNDA:1,(anonymous_20)
FNDA:0,(anonymous_21)
FNDA:9,(anonymous_22)
FNDA:0,(anonymous_23)
FNDA:0,(anonymous_24)
FNDA:0,(anonymous_25)
FNDA:0,(anonymous_26)
DA:1,9
DA:2,9
DA:3,9
DA:6,9
DA:10,9
DA:11,9
DA:14,9
DA:15,9
DA:16,9
DA:18,9
DA:20,9
DA:21,9
DA:22,9
DA:23,9
DA:25,9
DA:28,0
DA:29,0
DA:30,0
DA:31,0
DA:32,0
DA:33,0
DA:34,0
DA:36,0
DA:37,0
DA:38,0
DA:39,0
DA:43,0
DA:44,0
DA:45,0
DA:46,0
DA:47,0
DA:50,9
DA:53,14
DA:54,14
DA:55,0
DA:56,0
DA:57,0
DA:60,14
DA:61,14
DA:62,0
DA:65,14
DA:66,14
DA:67,5
DA:68,5
DA:69,5
DA:70,5
DA:71,5
DA:72,0
DA:73,0
DA:74,0
DA:77,5
DA:78,5
DA:80,0
DA:83,9
DA:86,14
DA:87,14
DA:88,14
DA:89,14
DA:90,14
DA:91,14
DA:93,14
DA:94,4
DA:95,4
DA:96,4
DA:98,10
DA:99,10
DA:101,14
DA:105,0
DA:106,0
DA:108,0
DA:109,0
DA:110,0
DA:111,0
DA:113,0
DA:114,0
DA:115,0
DA:118,0
DA:120,0
DA:121,0
DA:122,0
DA:125,9
DA:126,9
DA:127,9
DA:128,9
DA:129,9
DA:130,9
DA:131,9
DA:132,9
DA:135,4
DA:136,4
DA:137,4
DA:138,4
DA:142,4
DA:144,4
DA:145,4
DA:146,4
DA:148,4
DA:149,4
DA:151,4
DA:152,0
DA:153,0
DA:154,4
DA:155,0
DA:156,0
DA:159,4
DA:160,0
DA:161,0
DA:162,0
DA:163,0
DA:164,0
DA:165,0
DA:168,4
DA:169,4
DA:170,4
DA:171,4
DA:172,4
DA:173,4
DA:174,4
DA:176,0
DA:177,0
DA:182,4
DA:183,0
DA:184,0
DA:186,4
DA:187,0
DA:188,0
DA:193,0
DA:194,0
DA:195,0
DA:196,0
DA:197,0
DA:202,1
DA:203,0
DA:207,4
DA:208,4
DA:209,0
DA:210,0
DA:211,0
DA:212,0
DA:213,0
DA:214,0
DA:216,0
DA:219,4
DA:221,4
DA:222,4
DA:223,4
DA:224,4
DA:225,4
DA:227,0
DA:233,9
DA:234,0
DA:235,0
DA:236,0
DA:237,0
DA:238,0
DA:239,0
DA:240,0
DA:245,9
DA:246,0
DA:247,0
DA:248,0
DA:254,9
DA:255,9
DA:257,9
DA:264,9
DA:265,9
DA:266,9
DA:267,9
DA:268,9
DA:270,9
DA:271,9
DA:273,9
DA:274,0
DA:275,0
DA:276,0
DA:277,0
DA:284,9
DA:290,9
DA:291,9
DA:292,9
DA:293,9
DA:295,9
DA:297,0
DA:300,9
DA:304,9
DA:305,9
DA:306,9
DA:308,9
DA:310,2
DA:313,2
DA:314,2
DA:315,2
DA:316,2
DA:318,2
DA:319,6
DA:320,6
DA:321,6
DA:322,6
DA:323,6
DA:324,0
DA:325,0
DA:329,2
DA:330,2
DA:331,2
DA:332,2
DA:334,0
DA:335,0
DA:338,2
DA:349,9
DA:351,1
DA:354,1
DA:355,1
DA:356,1
DA:358,1
DA:359,1
DA:360,1
DA:363,1
DA:364,1
DA:365,1
DA:367,1
DA:368,1
DA:371,1
DA:372,1
DA:374,1
DA:375,1
DA:376,1
DA:377,1
DA:378,1
DA:379,0
DA:382,0
DA:390,0
DA:391,0
DA:392,0
DA:393,0
DA:395,0
DA:396,0
DA:398,0
DA:400,0
DA:404,0
DA:411,0
DA:412,0
DA:414,0
DA:415,0
DA:416,0
DA:418,0
DA:419,0
DA:420,0
DA:421,0
DA:424,0
DA:428,1
DA:437,9
DA:438,9
DA:439,1
DA:440,8
DA:441,4
DA:442,4
DA:443,4
DA:444,4
DA:446,0
DA:448,4
DA:449,4
DA:450,1
DA:451,0
DA:452,0
DA:455,1
DA:457,1
DA:459,3
DA:460,0
DA:462,3
DA:463,1
DA:464,1
DA:465,1
DA:466,1
DA:467,1
DA:468,1
DA:469,1
DA:470,1
DA:471,1
DA:472,0
DA:473,0
DA:475,0
DA:476,0
DA:480,1
DA:481,1
DA:484,0
DA:485,0
DA:487,0
DA:489,0
DA:495,0
DA:501,0
DA:502,0
DA:504,2
DA:505,1
DA:506,1
DA:507,1
DA:509,1
DA:510,1
DA:511,1
DA:512,1
DA:514,1
DA:520,0
DA:522,1
DA:523,1
DA:524,1
DA:525,1
DA:526,1
DA:527,1
DA:528,1
DA:530,0
LF:309
LH:185
BRDA:15,0,0,9
BRDA:15,0,1,0
BRDA:43,1,0,0
BRDA:43,1,1,0
BRDA:54,2,0,0
BRDA:54,2,1,14
BRDA:54,3,0,14
BRDA:54,3,1,0
BRDA:54,3,2,0
BRDA:61,4,0,0
BRDA:61,4,1,14
BRDA:66,5,0,5
BRDA:66,5,1,9
BRDA:70,6,0,0
BRDA:70,6,1,5
BRDA:70,7,0,5
BRDA:70,7,1,0
BRDA:71,8,0,0
BRDA:71,8,1,5
BRDA:72,9,0,0
BRDA:72,9,1,0
BRDA:73,10,0,0
BRDA:73,10,1,0
BRDA:86,11,0,4
BRDA:86,11,1,10
BRDA:93,12,0,4
BRDA:93,12,1,10
BRDA:109,13,0,0
BRDA:109,13,1,0
BRDA:110,14,0,0
BRDA:110,14,1,0
BRDA:114,15,0,0
BRDA:114,15,1,0
BRDA:136,16,0,0
BRDA:136,16,1,4
BRDA:137,17,0,0
BRDA:137,17,1,0
BRDA:137,18,0,0
BRDA:137,18,1,0
BRDA:142,19,0,0
BRDA:142,19,1,4
BRDA:142,20,0,4
BRDA:142,20,1,4
BRDA:145,21,0,0
BRDA:145,21,1,4
BRDA:146,22,0,0
BRDA:146,22,1,4
BRDA:151,23,0,0
BRDA:151,23,1,4
BRDA:154,24,0,0
BRDA:154,24,1,4
BRDA:159,25,0,0
BRDA:159,25,1,4
BRDA:182,26,0,0
BRDA:182,26,1,4
BRDA:186,27,0,0
BRDA:186,27,1,4
BRDA:193,28,0,0
BRDA:193,28,1,0
BRDA:208,29,0,0
BRDA:208,29,1,4
BRDA:208,30,0,4
BRDA:208,30,1,2
BRDA:222,31,0,4
BRDA:222,31,1,0
BRDA:234,32,0,0
BRDA:234,32,1,0
BRDA:236,33,0,0
BRDA:236,33,1,0
BRDA:236,34,0,0
BRDA:236,34,1,0
BRDA:236,34,2,0
BRDA:237,35,0,0
BRDA:237,35,1,0
BRDA:246,36,0,0
BRDA:246,36,1,0
BRDA:246,37,0,0
BRDA:246,37,1,0
BRDA:273,38,0,0
BRDA:273,38,1,9
BRDA:273,39,0,9
BRDA:273,39,1,3
BRDA:275,40,0,0
BRDA:275,40,1,0
BRDA:275,41,0,0
BRDA:275,41,1,0
BRDA:275,41,2,0
BRDA:310,42,0,0
BRDA:310,42,1,2
BRDA:310,43,0,2
BRDA:310,43,1,2
BRDA:310,43,2,2
BRDA:320,44,0,2
BRDA:320,44,1,4
BRDA:321,45,0,2
BRDA:321,45,1,4
BRDA:322,46,0,2
BRDA:322,46,1,4
BRDA:323,47,0,0
BRDA:323,47,1,6
BRDA:325,48,0,0
BRDA:325,48,1,0
BRDA:330,49,0,2
BRDA:330,49,1,0
BRDA:330,50,0,2
BRDA:330,50,1,2
BRDA:351,51,0,0
BRDA:351,51,1,1
BRDA:351,52,0,1
BRDA:351,52,1,1
BRDA:351,52,2,1
BRDA:368,53,0,1
BRDA:368,53,1,1
BRDA:368,53,2,0
BRDA:368,54,0,0
BRDA:368,54,1,0
BRDA:375,55,0,1
BRDA:375,55,1,1
BRDA:376,56,0,0
BRDA:376,56,1,1
BRDA:379,57,0,0
BRDA:379,57,1,0
BRDA:391,58,0,0
BRDA:391,58,1,0
BRDA:398,59,0,0
BRDA:398,59,1,0
BRDA:414,60,0,0
BRDA:414,60,1,0
BRDA:415,61,0,0
BRDA:415,61,1,0
BRDA:438,62,0,1
BRDA:438,62,1,8
BRDA:440,63,0,4
BRDA:440,63,1,4
BRDA:443,64,0,4
BRDA:443,64,1,0
BRDA:449,65,0,1
BRDA:449,65,1,3
BRDA:450,66,0,0
BRDA:450,66,1,1
BRDA:459,67,0,0
BRDA:459,67,1,3
BRDA:462,68,0,1
BRDA:462,68,1,2
BRDA:463,69,0,0
BRDA:463,69,1,1
BRDA:465,70,0,1
BRDA:465,70,1,1
BRDA:469,71,0,0
BRDA:469,71,1,1
BRDA:469,72,0,1
BRDA:469,72,1,0
BRDA:471,73,0,0
BRDA:471,73,1,1
BRDA:472,74,0,0
BRDA:472,74,1,0
BRDA:473,75,0,0
BRDA:473,75,1,0
BRDA:476,76,0,0
BRDA:476,76,1,0
BRDA:480,77,0,1
BRDA:480,77,1,0
BRDA:485,78,0,0
BRDA:485,78,1,0
BRDA:487,79,0,0
BRDA:487,79,1,0
BRDA:493,80,0,0
BRDA:493,80,1,0
BRDA:497,81,0,0
BRDA:497,81,1,0
BRDA:504,82,0,1
BRDA:504,82,1,1
BRDA:522,83,0,1
BRDA:522,83,1,0
BRF:174
BRH:75
end_of_record
TN:
SF:src/math_deltas.js
FN:1,calculateDeltas
FN:14,(anonymous_1)
FN:39,(anonymous_2)
FNF:3
FNH:3
FNDA:4,calculateDeltas
FNDA:4,(anonymous_1)
FNDA:3,(anonymous_2)
DA:2,4
DA:3,4
DA:4,4
DA:5,4
DA:7,4
DA:8,4
DA:9,4
DA:10,4
DA:12,4
DA:13,3
DA:14,4
DA:16,3
DA:17,3
DA:18,3
DA:19,3
DA:20,3
DA:22,3
DA:23,3
DA:24,2
DA:25,1
DA:27,3
DA:28,3
DA:29,2
DA:31,3
DA:32,3
DA:33,2
DA:35,3
DA:36,1
DA:37,1
DA:38,2
DA:39,3
DA:40,2
DA:41,1
DA:43,1
DA:44,1
DA:45,1
DA:46,1
DA:47,0
DA:48,0
DA:54,4
DA:57,1
DA:58,1
LF:42
LH:40
BRDA:2,0,0,4
BRDA:2,0,1,4
BRDA:2,0,2,0
BRDA:2,0,3,0
BRDA:2,0,4,0
BRDA:4,1,0,4
BRDA:4,1,1,2
BRDA:5,2,0,2
BRDA:5,2,1,2
BRDA:5,3,0,4
BRDA:5,3,1,2
BRDA:12,4,0,3
BRDA:12,4,1,1
BRDA:12,5,0,4
BRDA:12,5,1,4
BRDA:14,6,0,4
BRDA:14,6,1,4
BRDA:14,6,2,0
BRDA:14,6,3,0
BRDA:14,6,4,0
BRDA:16,7,0,3
BRDA:16,7,1,0
BRDA:19,8,0,3
BRDA:19,8,1,1
BRDA:20,9,0,2
BRDA:20,9,1,1
BRDA:20,10,0,3
BRDA:20,10,1,2
BRDA:23,11,0,1
BRDA:23,11,1,2
BRDA:24,12,0,1
BRDA:24,12,1,1
BRDA:28,13,0,1
BRDA:28,13,1,2
BRDA:29,14,0,1
BRDA:29,14,1,1
BRDA:32,15,0,1
BRDA:32,15,1,2
BRDA:33,16,0,1
BRDA:33,16,1,1
BRDA:35,17,0,1
BRDA:35,17,1,2
BRDA:35,18,0,3
BRDA:35,18,1,1
BRDA:39,19,0,3
BRDA:39,19,1,3
BRDA:39,19,2,0
BRDA:39,19,3,0
BRDA:39,19,4,0
BRDA:40,20,0,1
BRDA:40,20,1,1
BRDA:43,21,0,0
BRDA:43,21,1,1
BRDA:45,22,0,1
BRDA:45,22,1,0
BRDA:47,23,0,0
BRDA:47,23,1,0
BRDA:57,24,0,1
BRDA:57,24,1,0
BRDA:57,25,0,1
BRDA:57,25,1,1
BRF:61
BRH:46
end_of_record
TN:
SF:src/popup.js
FN:2,escapeHTML
FN:4,(anonymous_1)
FN:13,(anonymous_2)
FN:15,applyFontSize
FN:17,(anonymous_4)
FN:23,(anonymous_5)
FN:23,(anonymous_6)
FN:24,(anonymous_7)
FN:38,(anonymous_8)
FN:57,(anonymous_9)
FN:65,(anonymous_10)
FN:70,animateScroll
FN:88,updateNavButtons
FN:93,loadMoment
FN:133,(anonymous_14)
FN:139,(anonymous_15)
FN:204,(anonymous_16)
FN:229,(anonymous_17)
FN:233,(anonymous_18)
FN:245,updateAuthUI
FN:276,(anonymous_20)
FN:285,(anonymous_21)
FN:291,(anonymous_22)
FNF:23
FNH:17
FNDA:4,escapeHTML
FNDA:0,(anonymous_1)
FNDA:36,(anonymous_2)
FNDA:38,applyFontSize
FNDA:114,(anonymous_4)
FNDA:108,(anonymous_5)
FNDA:2,(anonymous_6)
FNDA:36,(anonymous_7)
FNDA:3,(anonymous_8)
FNDA:0,(anonymous_9)
FNDA:0,(anonymous_10)
FNDA:0,animateScroll
FNDA:6,updateNavButtons
FNDA:11,loadMoment
FNDA:0,(anonymous_14)
FNDA:2,(anonymous_15)
FNDA:1,(anonymous_16)
FNDA:1,(anonymous_17)
FNDA:1,(anonymous_18)
FNDA:9,updateAuthUI
FNDA:8,(anonymous_20)
FNDA:0,(anonymous_21)
FNDA:2,(anonymous_22)
DA:3,4
DA:4,4
DA:13,8
DA:14,36
DA:16,38
DA:17,38
DA:18,114
DA:19,76
DA:21,38
DA:23,108
DA:24,36
DA:25,36
DA:28,36
DA:31,36
DA:32,36
DA:33,36
DA:34,36
DA:38,36
DA:39,3
DA:40,3
DA:41,3
DA:48,8
DA:49,8
DA:51,8
DA:52,8
DA:53,8
DA:54,8
DA:55,8
DA:57,8
DA:58,0
DA:59,0
DA:61,0
DA:65,8
DA:66,0
DA:67,0
DA:68,0
DA:71,0
DA:72,0
DA:75,0
DA:77,0
DA:79,0
DA:80,0
DA:84,0
DA:89,6
DA:90,6
DA:94,11
DA:95,8
DA:99,11
DA:100,11
DA:101,0
DA:102,0
DA:104,11
DA:105,11
DA:106,5
DA:107,5
DA:108,5
DA:109,5
DA:110,5
DA:113,6
DA:114,6
DA:119,6
DA:120,6
DA:122,6
DA:123,6
DA:126,6
DA:128,6
DA:129,0
DA:131,6
DA:132,6
DA:133,6
DA:134,0
DA:135,0
DA:139,6
DA:140,2
DA:141,2
DA:142,2
DA:144,2
DA:145,2
DA:146,2
DA:148,2
DA:149,2
DA:151,2
DA:152,2
DA:153,2
DA:156,2
DA:157,2
DA:158,2
DA:159,2
DA:160,2
DA:161,2
DA:162,2
DA:163,2
DA:164,2
DA:166,2
DA:167,2
DA:168,2
DA:169,2
DA:170,2
DA:175,2
DA:177,2
DA:178,2
DA:179,2
DA:180,2
DA:181,2
DA:183,2
DA:184,2
DA:185,2
DA:186,2
DA:187,2
DA:188,2
DA:189,2
DA:190,2
DA:191,2
DA:192,2
DA:194,2
DA:195,2
DA:196,2
DA:197,2
DA:198,2
DA:199,2
DA:200,2
DA:201,2
DA:202,2
DA:203,2
DA:204,2
DA:205,1
DA:207,2
DA:210,2
DA:211,2
DA:215,6
DA:216,6
DA:218,6
DA:219,3
DA:220,3
DA:221,3
DA:222,3
DA:225,0
DA:229,8
DA:230,1
DA:231,1
DA:233,8
DA:234,1
DA:235,1
DA:238,8
DA:241,8
DA:242,8
DA:243,8
DA:246,9
DA:247,9
DA:249,9
DA:250,8
DA:251,8
DA:253,1
DA:254,1
DA:255,1
DA:256,1
DA:257,1
DA:258,1
DA:259,1
DA:260,1
DA:261,1
DA:262,1
DA:263,0
DA:267,0
DA:270,1
DA:272,0
DA:276,8
DA:277,8
DA:278,8
DA:279,8
DA:280,8
DA:281,8
DA:285,8
DA:286,0
DA:287,0
DA:291,8
DA:293,2
DA:294,1
DA:295,1
DA:296,1
DA:297,1
DA:299,2
DA:300,1
DA:301,1
DA:302,1
DA:304,0
DA:305,0
DA:308,0
DA:309,0
DA:310,0
DA:312,0
DA:319,0
DA:320,0
DA:321,0
DA:322,0
LF:195
LH:161
BRDA:3,0,0,0
BRDA:3,0,1,4
BRDA:18,1,0,38
BRDA:18,1,1,76
BRDA:25,2,0,36
BRDA:25,2,1,0
BRDA:32,3,0,36
BRDA:32,3,1,0
BRDA:34,4,0,36
BRDA:34,4,1,0
BRDA:40,5,0,0
BRDA:40,5,1,3
BRDA:58,6,0,0
BRDA:58,6,1,0
BRDA:79,7,0,0
BRDA:79,7,1,0
BRDA:93,8,0,0
BRDA:94,9,0,8
BRDA:94,9,1,3
BRDA:100,10,0,0
BRDA:100,10,1,11
BRDA:100,11,0,11
BRDA:100,11,1,11
BRDA:105,12,0,5
BRDA:105,12,1,6
BRDA:128,13,0,0
BRDA:128,13,1,6
BRDA:132,14,0,6
BRDA:132,14,1,0
BRDA:140,15,0,2
BRDA:140,15,1,2
BRDA:140,15,2,0
BRDA:140,15,3,0
BRDA:140,15,4,0
BRDA:141,16,0,2
BRDA:141,16,1,1
BRDA:142,17,0,2
BRDA:142,17,1,1
BRDA:145,18,0,2
BRDA:145,18,1,1
BRDA:146,19,0,0
BRDA:146,19,1,2
BRDA:146,20,0,2
BRDA:146,20,1,0
BRDA:151,21,0,2
BRDA:151,21,1,0
BRDA:152,22,0,2
BRDA:152,22,1,0
BRDA:152,23,0,2
BRDA:152,23,1,2
BRDA:194,24,0,2
BRDA:194,24,1,0
BRDA:218,25,0,3
BRDA:218,25,1,3
BRDA:230,26,0,0
BRDA:230,26,1,1
BRDA:230,27,0,1
BRDA:230,27,1,1
BRDA:234,28,0,0
BRDA:234,28,1,1
BRDA:234,29,0,1
BRDA:234,29,1,1
BRDA:247,30,0,0
BRDA:247,30,1,9
BRDA:249,31,0,8
BRDA:249,31,1,1
BRDA:253,32,0,1
BRDA:253,32,1,0
BRDA:253,33,0,1
BRDA:253,33,1,1
BRDA:255,34,0,1
BRDA:255,34,1,0
BRDA:257,35,0,1
BRDA:257,35,1,0
BRDA:260,36,0,1
BRDA:260,36,1,0
BRDA:262,37,0,0
BRDA:262,37,1,1
BRDA:277,38,0,8
BRDA:277,38,1,0
BRDA:286,39,0,0
BRDA:286,39,1,0
BRDA:286,40,0,0
BRDA:286,40,1,0
BRDA:286,40,2,0
BRDA:293,41,0,1
BRDA:293,41,1,1
BRDA:299,42,0,1
BRDA:299,42,1,1
BRDA:300,43,0,1
BRDA:300,43,1,0
BRDA:309,44,0,0
BRDA:309,44,1,0
BRF:93
BRH:55
end_of_record
TN:
SF:src/schemas.js
FNF:0
FNH:0
DA:1,10
DA:3,10
DA:10,10
DA:20,10
DA:22,10
DA:30,10
LF:6
LH:6
BRF:0
BRH:0
end_of_record
